Release 14.7 - xst P.20131013 (nt64)
Copyright (c) 1995-2013 Xilinx, Inc.  All rights reserved.
--> Parameter TMPDIR set to xst/projnav.tmp


Total REAL time to Xst completion: 1.00 secs
Total CPU time to Xst completion: 0.29 secs
 
--> Parameter xsthdpdir set to xst


Total REAL time to Xst completion: 1.00 secs
Total CPU time to Xst completion: 0.29 secs
 
--> Reading design: main.prj

TABLE OF CONTENTS
  1) Synthesis Options Summary
  2) HDL Parsing
  3) HDL Elaboration
  4) HDL Synthesis
       4.1) HDL Synthesis Report
  5) Advanced HDL Synthesis
       5.1) Advanced HDL Synthesis Report
  6) Low Level Synthesis
  7) Partition Report
  8) Design Summary
       8.1) Primitive and Black Box Usage
       8.2) Device utilization summary
       8.3) Partition Resource Summary
       8.4) Timing Report
            8.4.1) Clock Information
            8.4.2) Asynchronous Control Signals Information
            8.4.3) Timing Summary
            8.4.4) Timing Details
            8.4.5) Cross Clock Domains Report


=========================================================================
*                      Synthesis Options Summary                        *
=========================================================================
---- Source Parameters
Input File Name                    : "main.prj"
Ignore Synthesis Constraint File   : NO

---- Target Parameters
Output File Name                   : "main"
Output Format                      : NGC
Target Device                      : xc6slx9-3-tqg144

---- Source Options
Top Module Name                    : main
Automatic FSM Extraction           : YES
FSM Encoding Algorithm             : Auto
Safe Implementation                : No
FSM Style                          : LUT
RAM Extraction                     : Yes
RAM Style                          : Auto
ROM Extraction                     : Yes
Shift Register Extraction          : YES
ROM Style                          : Auto
Resource Sharing                   : YES
Asynchronous To Synchronous        : NO
Shift Register Minimum Size        : 2
Use DSP Block                      : Auto
Automatic Register Balancing       : No

---- Target Options
LUT Combining                      : Auto
Reduce Control Sets                : Auto
Add IO Buffers                     : YES
Global Maximum Fanout              : 100000
Add Generic Clock Buffer(BUFG)     : 16
Register Duplication               : YES
Optimize Instantiated Primitives   : NO
Use Clock Enable                   : Auto
Use Synchronous Set                : Auto
Use Synchronous Reset              : Auto
Pack IO Registers into IOBs        : Auto
Equivalent register Removal        : YES

---- General Options
Optimization Goal                  : Speed
Optimization Effort                : 1
Power Reduction                    : NO
Keep Hierarchy                     : No
Netlist Hierarchy                  : As_Optimized
RTL Output                         : Yes
Global Optimization                : AllClockNets
Read Cores                         : YES
Write Timing Constraints           : NO
Cross Clock Analysis               : NO
Hierarchy Separator                : /
Bus Delimiter                      : <>
Case Specifier                     : Maintain
Slice Utilization Ratio            : 100
BRAM Utilization Ratio             : 100
DSP48 Utilization Ratio            : 100
Auto BRAM Packing                  : NO
Slice Utilization Ratio Delta      : 5

=========================================================================


=========================================================================
*                          HDL Parsing                                  *
=========================================================================
Analyzing Verilog file "D:\Digital\lab\lab8\Decoder.vf" into library work
Parsing module <Decoder>.
Analyzing Verilog file "D:\Digital\lab\lab8\Svn2.vf" into library work
Parsing module <Svn2>.
Analyzing Verilog file "D:\Digital\lab\lab8\Mymux3.vf" into library work
Parsing module <M4_1E_HXILINX_Mymux3>.
Parsing module <CB2CE_HXILINX_Mymux3>.
Parsing module <Decoder_MUSER_Mymux3>.
Parsing module <Mymux3>.
Analyzing Verilog file "D:\Digital\lab\lab8\divideto1k.vf" into library work
Parsing module <CD4CE_HXILINX_divideto1k>.
Parsing module <FJKC_HXILINX_divideto1k>.
Parsing module <divideto1k>.
Analyzing Verilog file "D:\Digital\lab\lab8\display2.vf" into library work
Parsing module <ADD8_HXILINX_display2>.
Parsing module <M4_1E_HXILINX_display2>.
Parsing module <CB2CE_HXILINX_display2>.
Parsing module <Decoder_MUSER_display2>.
Parsing module <Mymux3_MUSER_display2>.
Parsing module <Svn2_MUSER_display2>.
Parsing module <display2>.
Analyzing Verilog file "D:\Digital\lab\lab8\main.vf" into library work
Parsing module <ADD8_HXILINX_main>.
Parsing module <CD4CE_HXILINX_main>.
Parsing module <M4_1E_HXILINX_main>.
Parsing module <FJKC_HXILINX_main>.
Parsing module <CB2CE_HXILINX_main>.
Parsing module <Decoder_MUSER_main>.
Parsing module <Mymux3_MUSER_main>.
Parsing module <Svn2_MUSER_main>.
Parsing module <display2_MUSER_main>.
Parsing module <divideto1k_MUSER_main>.
Parsing module <main>.

=========================================================================
*                            HDL Elaboration                            *
=========================================================================

Elaborating module <main>.

Elaborating module <divideto1k_MUSER_main>.

Elaborating module <CD4CE_HXILINX_main>.
WARNING:HDLCompiler:413 - "D:\Digital\lab\lab8\main.vf" Line 77: Result of 5-bit expression is truncated to fit in 4-bit target.

Elaborating module <VCC>.

Elaborating module <INV>.

Elaborating module <FJKC_HXILINX_main>.
WARNING:HDLCompiler:552 - "D:\Digital\lab\lab8\main.vf" Line 605: Input port CLR is not connected on this instance
WARNING:HDLCompiler:552 - "D:\Digital\lab\lab8\main.vf" Line 615: Input port CLR is not connected on this instance
WARNING:HDLCompiler:552 - "D:\Digital\lab\lab8\main.vf" Line 625: Input port CLR is not connected on this instance
WARNING:HDLCompiler:552 - "D:\Digital\lab\lab8\main.vf" Line 635: Input port CLR is not connected on this instance
WARNING:HDLCompiler:552 - "D:\Digital\lab\lab8\main.vf" Line 654: Input port CLR is not connected on this instance

Elaborating module <display2_MUSER_main>.

Elaborating module <ADD8_HXILINX_main>.

Elaborating module <AND4B4>.

Elaborating module <Svn2_MUSER_main>.

Elaborating module <OR3>.

Elaborating module <XNOR2>.

Elaborating module <OR4>.

Elaborating module <OR2>.

Elaborating module <XOR2>.

Elaborating module <AND2>.

Elaborating module <AND3>.

Elaborating module <OR2B1>.

Elaborating module <AND4B1>.

Elaborating module <AND4B2>.

Elaborating module <AND2B1>.

Elaborating module <AND3B1>.

Elaborating module <Mymux3_MUSER_main>.

Elaborating module <M4_1E_HXILINX_main>.

Elaborating module <CB2CE_HXILINX_main>.
WARNING:HDLCompiler:413 - "D:\Digital\lab\lab8\main.vf" Line 178: Result of 3-bit expression is truncated to fit in 2-bit target.

Elaborating module <Decoder_MUSER_main>.
WARNING:HDLCompiler:552 - "D:\Digital\lab\lab8\main.vf" Line 228: Input port D3 is not connected on this instance
WARNING:HDLCompiler:552 - "D:\Digital\lab\lab8\main.vf" Line 237: Input port D2 is not connected on this instance
WARNING:HDLCompiler:552 - "D:\Digital\lab\lab8\main.vf" Line 246: Input port D2 is not connected on this instance
WARNING:HDLCompiler:552 - "D:\Digital\lab\lab8\main.vf" Line 255: Input port D2 is not connected on this instance
WARNING:HDLCompiler:552 - "D:\Digital\lab\lab8\main.vf" Line 264: Input port CLR is not connected on this instance
WARNING:HDLCompiler:552 - "D:\Digital\lab\lab8\main.vf" Line 546: Input port CI is not connected on this instance
WARNING:HDLCompiler:552 - "D:\Digital\lab\lab8\main.vf" Line 562: Input port P is not connected on this instance

=========================================================================
*                           HDL Synthesis                               *
=========================================================================

Synthesizing Unit <main>.
    Related source file is "D:\Digital\lab\lab8\main.vf".
    Set property "LOC = P83" for signal <speaker>.
    Summary:
	no macro.
Unit <main> synthesized.

Synthesizing Unit <divideto1k_MUSER_main>.
    Related source file is "D:\Digital\lab\lab8\main.vf".
    Set property "HU_SET = XLXI_1_23" for instance <XLXI_1>.
    Set property "HU_SET = XLXI_2_24" for instance <XLXI_2>.
    Set property "HU_SET = XLXI_3_25" for instance <XLXI_3>.
    Set property "HU_SET = XLXI_4_26" for instance <XLXI_4>.
    Set property "HU_SET = XLXI_21_27" for instance <XLXI_21>.
WARNING:Xst:2898 - Port 'CLR', unconnected in block instance 'XLXI_1', is tied to GND.
WARNING:Xst:2898 - Port 'CLR', unconnected in block instance 'XLXI_2', is tied to GND.
WARNING:Xst:2898 - Port 'CLR', unconnected in block instance 'XLXI_3', is tied to GND.
WARNING:Xst:2898 - Port 'CLR', unconnected in block instance 'XLXI_4', is tied to GND.
WARNING:Xst:2898 - Port 'CLR', unconnected in block instance 'XLXI_21', is tied to GND.
INFO:Xst:3210 - "D:\Digital\lab\lab8\main.vf" line 605: Output port <CEO> of the instance <XLXI_1> is unconnected or connected to loadless signal.
INFO:Xst:3210 - "D:\Digital\lab\lab8\main.vf" line 605: Output port <Q0> of the instance <XLXI_1> is unconnected or connected to loadless signal.
INFO:Xst:3210 - "D:\Digital\lab\lab8\main.vf" line 605: Output port <Q1> of the instance <XLXI_1> is unconnected or connected to loadless signal.
INFO:Xst:3210 - "D:\Digital\lab\lab8\main.vf" line 605: Output port <Q2> of the instance <XLXI_1> is unconnected or connected to loadless signal.
INFO:Xst:3210 - "D:\Digital\lab\lab8\main.vf" line 605: Output port <Q3> of the instance <XLXI_1> is unconnected or connected to loadless signal.
INFO:Xst:3210 - "D:\Digital\lab\lab8\main.vf" line 615: Output port <CEO> of the instance <XLXI_2> is unconnected or connected to loadless signal.
INFO:Xst:3210 - "D:\Digital\lab\lab8\main.vf" line 615: Output port <Q0> of the instance <XLXI_2> is unconnected or connected to loadless signal.
INFO:Xst:3210 - "D:\Digital\lab\lab8\main.vf" line 615: Output port <Q1> of the instance <XLXI_2> is unconnected or connected to loadless signal.
INFO:Xst:3210 - "D:\Digital\lab\lab8\main.vf" line 615: Output port <Q2> of the instance <XLXI_2> is unconnected or connected to loadless signal.
INFO:Xst:3210 - "D:\Digital\lab\lab8\main.vf" line 615: Output port <Q3> of the instance <XLXI_2> is unconnected or connected to loadless signal.
INFO:Xst:3210 - "D:\Digital\lab\lab8\main.vf" line 625: Output port <CEO> of the instance <XLXI_3> is unconnected or connected to loadless signal.
INFO:Xst:3210 - "D:\Digital\lab\lab8\main.vf" line 625: Output port <Q0> of the instance <XLXI_3> is unconnected or connected to loadless signal.
INFO:Xst:3210 - "D:\Digital\lab\lab8\main.vf" line 625: Output port <Q1> of the instance <XLXI_3> is unconnected or connected to loadless signal.
INFO:Xst:3210 - "D:\Digital\lab\lab8\main.vf" line 625: Output port <Q2> of the instance <XLXI_3> is unconnected or connected to loadless signal.
INFO:Xst:3210 - "D:\Digital\lab\lab8\main.vf" line 625: Output port <Q3> of the instance <XLXI_3> is unconnected or connected to loadless signal.
INFO:Xst:3210 - "D:\Digital\lab\lab8\main.vf" line 635: Output port <CEO> of the instance <XLXI_4> is unconnected or connected to loadless signal.
INFO:Xst:3210 - "D:\Digital\lab\lab8\main.vf" line 635: Output port <Q0> of the instance <XLXI_4> is unconnected or connected to loadless signal.
INFO:Xst:3210 - "D:\Digital\lab\lab8\main.vf" line 635: Output port <Q1> of the instance <XLXI_4> is unconnected or connected to loadless signal.
INFO:Xst:3210 - "D:\Digital\lab\lab8\main.vf" line 635: Output port <Q2> of the instance <XLXI_4> is unconnected or connected to loadless signal.
INFO:Xst:3210 - "D:\Digital\lab\lab8\main.vf" line 635: Output port <Q3> of the instance <XLXI_4> is unconnected or connected to loadless signal.
    Summary:
	no macro.
Unit <divideto1k_MUSER_main> synthesized.

Synthesizing Unit <CD4CE_HXILINX_main>.
    Related source file is "D:\Digital\lab\lab8\main.vf".
        TERMINAL_COUNT = 4'b1001
    Found 1-bit register for signal <Q1>.
    Found 1-bit register for signal <Q2>.
    Found 1-bit register for signal <Q3>.
    Found 1-bit register for signal <Q0>.
    Found 4-bit adder for signal <Q3_GND_3_o_add_4_OUT> created at line 77.
    Summary:
	inferred   1 Adder/Subtractor(s).
	inferred   4 D-type flip-flop(s).
	inferred   7 Multiplexer(s).
Unit <CD4CE_HXILINX_main> synthesized.

Synthesizing Unit <FJKC_HXILINX_main>.
    Related source file is "D:\Digital\lab\lab8\main.vf".
        INIT = 1'b0
    Found 1-bit register for signal <Q>.
    Summary:
	inferred   1 D-type flip-flop(s).
Unit <FJKC_HXILINX_main> synthesized.

Synthesizing Unit <display2_MUSER_main>.
    Related source file is "D:\Digital\lab\lab8\main.vf".
    Set property "HU_SET = XLXI_1_22" for instance <XLXI_1>.
WARNING:Xst:2898 - Port 'CI', unconnected in block instance 'XLXI_1', is tied to GND.
INFO:Xst:3210 - "D:\Digital\lab\lab8\main.vf" line 546: Output port <OFL> of the instance <XLXI_1> is unconnected or connected to loadless signal.
INFO:Xst:3210 - "D:\Digital\lab\lab8\main.vf" line 562: Output port <SegP> of the instance <XLXI_15> is unconnected or connected to loadless signal.
    Summary:
	no macro.
Unit <display2_MUSER_main> synthesized.

Synthesizing Unit <ADD8_HXILINX_main>.
    Related source file is "D:\Digital\lab\lab8\main.vf".
    Found 9-bit adder for signal <n0010> created at line 34.
    Summary:
	inferred   1 Adder/Subtractor(s).
Unit <ADD8_HXILINX_main> synthesized.

Synthesizing Unit <Svn2_MUSER_main>.
    Related source file is "D:\Digital\lab\lab8\main.vf".
    Summary:
	no macro.
Unit <Svn2_MUSER_main> synthesized.

Synthesizing Unit <Mymux3_MUSER_main>.
    Related source file is "D:\Digital\lab\lab8\main.vf".
    Set property "HU_SET = XLXI_11_17" for instance <XLXI_11>.
    Set property "HU_SET = XLXI_12_20" for instance <XLXI_12>.
    Set property "HU_SET = XLXI_13_19" for instance <XLXI_13>.
    Set property "HU_SET = XLXI_14_18" for instance <XLXI_14>.
    Set property "HU_SET = XLXI_15_21" for instance <XLXI_15>.
WARNING:Xst:2898 - Port 'D3', unconnected in block instance 'XLXI_11', is tied to GND.
WARNING:Xst:2898 - Port 'D2', unconnected in block instance 'XLXI_12', is tied to GND.
WARNING:Xst:2898 - Port 'D3', unconnected in block instance 'XLXI_12', is tied to GND.
WARNING:Xst:2898 - Port 'D2', unconnected in block instance 'XLXI_13', is tied to GND.
WARNING:Xst:2898 - Port 'D3', unconnected in block instance 'XLXI_13', is tied to GND.
WARNING:Xst:2898 - Port 'D2', unconnected in block instance 'XLXI_14', is tied to GND.
WARNING:Xst:2898 - Port 'D3', unconnected in block instance 'XLXI_14', is tied to GND.
WARNING:Xst:2898 - Port 'CLR', unconnected in block instance 'XLXI_15', is tied to GND.
INFO:Xst:3210 - "D:\Digital\lab\lab8\main.vf" line 264: Output port <CEO> of the instance <XLXI_15> is unconnected or connected to loadless signal.
INFO:Xst:3210 - "D:\Digital\lab\lab8\main.vf" line 264: Output port <TC> of the instance <XLXI_15> is unconnected or connected to loadless signal.
    Summary:
	no macro.
Unit <Mymux3_MUSER_main> synthesized.

Synthesizing Unit <M4_1E_HXILINX_main>.
    Related source file is "D:\Digital\lab\lab8\main.vf".
    Found 1-bit 4-to-1 multiplexer for signal <S1_D3_Mux_0_o> created at line 108.
    Summary:
	inferred   2 Multiplexer(s).
Unit <M4_1E_HXILINX_main> synthesized.

Synthesizing Unit <CB2CE_HXILINX_main>.
    Related source file is "D:\Digital\lab\lab8\main.vf".
    Found 1-bit register for signal <Q1>.
    Found 1-bit register for signal <Q0>.
    Found 2-bit adder for signal <Q1_GND_25_o_add_0_OUT> created at line 178.
    Summary:
	inferred   1 Adder/Subtractor(s).
	inferred   2 D-type flip-flop(s).
Unit <CB2CE_HXILINX_main> synthesized.

Synthesizing Unit <Decoder_MUSER_main>.
    Related source file is "D:\Digital\lab\lab8\main.vf".
    Summary:
	no macro.
Unit <Decoder_MUSER_main> synthesized.

=========================================================================
HDL Synthesis Report

Macro Statistics
# Adders/Subtractors                                   : 6
 2-bit adder                                           : 1
 4-bit adder                                           : 4
 9-bit adder                                           : 1
# Registers                                            : 18
 1-bit register                                        : 17
 2-bit register                                        : 1
# Multiplexers                                         : 36
 1-bit 2-to-1 multiplexer                              : 32
 1-bit 4-to-1 multiplexer                              : 4

=========================================================================

=========================================================================
*                       Advanced HDL Synthesis                          *
=========================================================================


Synthesizing (advanced) Unit <CB2CE_HXILINX_main>.
The following registers are absorbed into counter <Q0_Q1>: 1 register on signal <Q0_Q1>.
Unit <CB2CE_HXILINX_main> synthesized (advanced).

=========================================================================
Advanced HDL Synthesis Report

Macro Statistics
# Adders/Subtractors                                   : 5
 4-bit adder                                           : 4
 9-bit adder                                           : 1
# Counters                                             : 1
 2-bit up counter                                      : 1
# Registers                                            : 17
 Flip-Flops                                            : 17
# Multiplexers                                         : 36
 1-bit 2-to-1 multiplexer                              : 32
 1-bit 4-to-1 multiplexer                              : 4

=========================================================================

=========================================================================
*                         Low Level Synthesis                           *
=========================================================================

Optimizing unit <main> ...

Optimizing unit <Svn2_MUSER_main> ...

Optimizing unit <divideto1k_MUSER_main> ...

Optimizing unit <ADD8_HXILINX_main> ...

Optimizing unit <M4_1E_HXILINX_main> ...

Optimizing unit <CB2CE_HXILINX_main> ...

Optimizing unit <CD4CE_HXILINX_main> ...

Optimizing unit <FJKC_HXILINX_main> ...

Mapping all equations...
Building and optimizing final netlist ...
Found area constraint ratio of 100 (+ 5) on block main, actual ratio is 0.

Final Macro Processing ...

=========================================================================
Final Register Report

Macro Statistics
# Registers                                            : 19
 Flip-Flops                                            : 19

=========================================================================

=========================================================================
*                           Partition Report                            *
=========================================================================

Partition Implementation Status
-------------------------------

  No Partitions were found in this design.

-------------------------------

=========================================================================
*                            Design Summary                             *
=========================================================================

Top Level Output File Name         : main.ngc

Primitive and Black Box Usage:
------------------------------
# BELS                             : 119
#      AND2                        : 8
#      AND2B1                      : 7
#      AND3                        : 4
#      AND3B1                      : 1
#      AND4B1                      : 1
#      AND4B2                      : 1
#      AND4B4                      : 2
#      GND                         : 2
#      INV                         : 22
#      LUT2                        : 9
#      LUT3                        : 8
#      LUT4                        : 11
#      LUT5                        : 1
#      MUXCY                       : 8
#      OR2                         : 10
#      OR2B1                       : 3
#      OR3                         : 5
#      OR4                         : 1
#      VCC                         : 1
#      XNOR2                       : 4
#      XOR2                        : 2
#      XORCY                       : 8
# FlipFlops/Latches                : 19
#      FDCE                        : 16
#      FDE                         : 3
# Clock Buffers                    : 1
#      BUFGP                       : 1
# IO Buffers                       : 28
#      IBUF                        : 16
#      OBUF                        : 12

Device utilization summary:
---------------------------

Selected Device : 6slx9tqg144-3 


Slice Logic Utilization: 
 Number of Slice Registers:              19  out of  11440     0%  
 Number of Slice LUTs:                   51  out of   5720     0%  
    Number used as Logic:                51  out of   5720     0%  

Slice Logic Distribution: 
 Number of LUT Flip Flop pairs used:     70
   Number with an unused Flip Flop:      51  out of     70    72%  
   Number with an unused LUT:            19  out of     70    27%  
   Number of fully used LUT-FF pairs:     0  out of     70     0%  
   Number of unique control sets:         6

IO Utilization: 
 Number of IOs:                          29
 Number of bonded IOBs:                  29  out of    102    28%  

Specific Feature Utilization:
 Number of BUFG/BUFGCTRLs:                1  out of     16     6%  

---------------------------
Partition Resource Summary:
---------------------------

  No Partitions were found in this design.

---------------------------


=========================================================================
Timing Report

NOTE: THESE TIMING NUMBERS ARE ONLY A SYNTHESIS ESTIMATE.
      FOR ACCURATE TIMING INFORMATION PLEASE REFER TO THE TRACE REPORT
      GENERATED AFTER PLACE-and-ROUTE.

Clock Information:
------------------
-------------------------------------------+-------------------------------------+-------+
Clock Signal                               | Clock buffer(FF name)               | Load  |
-------------------------------------------+-------------------------------------+-------+
XLXI_1/XLXI_21/Q                           | NONE(XLXI_8/XLXI_20/XLXI_15/Q0_Q1_1)| 2     |
XLXI_1/XLXI_3/TC(XLXI_1/XLXI_3/Mmux_TC11:O)| NONE(*)(XLXI_1/XLXI_4/Q3)           | 4     |
XLXI_1/XLXI_2/TC(XLXI_1/XLXI_2/Mmux_TC11:O)| NONE(*)(XLXI_1/XLXI_3/Q3)           | 4     |
XLXI_1/XLXI_1/TC(XLXI_1/XLXI_1/Mmux_TC11:O)| NONE(*)(XLXI_1/XLXI_2/Q3)           | 4     |
clk                                        | BUFGP                               | 4     |
XLXI_1/XLXI_4/TC(XLXI_1/XLXI_4/Mmux_TC11:O)| NONE(*)(XLXI_1/XLXI_21/Q)           | 1     |
-------------------------------------------+-------------------------------------+-------+
(*) These 4 clock signal(s) are generated by combinatorial logic,
and XST is not able to identify which are the primary clock signals.
Please use the CLOCK_SIGNAL constraint to specify the clock signal(s) generated by combinatorial logic.
INFO:Xst:2169 - HDL ADVISOR - Some clock signals were not automatically buffered by XST with BUFG/BUFR resources. Please use the buffer_type constraint in order to insert these buffers to the clock signals to help prevent skew problems.

Asynchronous Control Signals Information:
----------------------------------------
No asynchronous control signals found in this design

Timing Summary:
---------------
Speed Grade: -3

   Minimum period: 2.163ns (Maximum Frequency: 462.406MHz)
   Minimum input arrival time before clock: No path found
   Maximum output required time after clock: 11.106ns
   Maximum combinational path delay: 12.751ns

Timing Details:
---------------
All values displayed in nanoseconds (ns)

=========================================================================
Timing constraint: Default period analysis for Clock 'XLXI_1/XLXI_21/Q'
  Clock period: 2.163ns (frequency: 462.406MHz)
  Total number of paths / destination ports: 3 / 2
-------------------------------------------------------------------------
Delay:               2.163ns (Levels of Logic = 1)
  Source:            XLXI_8/XLXI_20/XLXI_15/Q0_Q1_1 (FF)
  Destination:       XLXI_8/XLXI_20/XLXI_15/Q0_Q1_1 (FF)
  Source Clock:      XLXI_1/XLXI_21/Q rising
  Destination Clock: XLXI_1/XLXI_21/Q rising

  Data Path: XLXI_8/XLXI_20/XLXI_15/Q0_Q1_1 to XLXI_8/XLXI_20/XLXI_15/Q0_Q1_1
                                Gate     Net
    Cell:in->out      fanout   Delay   Delay  Logical Name (Net Name)
    ----------------------------------------  ------------
     FDE:C->Q              9   0.447   0.829  Q0_Q1_1 (Q0_Q1_1)
     INV:I->O              1   0.206   0.579  Mcount_Q0_Q1_xor<0>11_INV_0 (Result<0>)
     FDE:D                     0.102          Q0_Q1_1
    ----------------------------------------
    Total                      2.163ns (0.755ns logic, 1.408ns route)
                                       (34.9% logic, 65.1% route)

=========================================================================
Timing constraint: Default period analysis for Clock 'XLXI_1/XLXI_3/TC'
  Clock period: 2.048ns (frequency: 488.317MHz)
  Total number of paths / destination ports: 11 / 4
-------------------------------------------------------------------------
Delay:               2.048ns (Levels of Logic = 1)
  Source:            XLXI_1/XLXI_4/Q0 (FF)
  Destination:       XLXI_1/XLXI_4/Q0 (FF)
  Source Clock:      XLXI_1/XLXI_3/TC falling
  Destination Clock: XLXI_1/XLXI_3/TC falling

  Data Path: XLXI_1/XLXI_4/Q0 to XLXI_1/XLXI_4/Q0
                                Gate     Net
    Cell:in->out      fanout   Delay   Delay  Logical Name (Net Name)
    ----------------------------------------  ------------
     FDCE:C->Q             5   0.447   0.714  Q0 (Q0)
     INV:I->O              1   0.206   0.579  Mmux_Q3_GND_3_o_MUX_13_o11_INV_0 (Q3_GND_3_o_MUX_13_o)
     FDCE:D                    0.102          Q0
    ----------------------------------------
    Total                      2.048ns (0.755ns logic, 1.293ns route)
                                       (36.9% logic, 63.1% route)

=========================================================================
Timing constraint: Default period analysis for Clock 'XLXI_1/XLXI_2/TC'
  Clock period: 2.048ns (frequency: 488.317MHz)
  Total number of paths / destination ports: 11 / 4
-------------------------------------------------------------------------
Delay:               2.048ns (Levels of Logic = 1)
  Source:            XLXI_1/XLXI_3/Q0 (FF)
  Destination:       XLXI_1/XLXI_3/Q0 (FF)
  Source Clock:      XLXI_1/XLXI_2/TC falling
  Destination Clock: XLXI_1/XLXI_2/TC falling

  Data Path: XLXI_1/XLXI_3/Q0 to XLXI_1/XLXI_3/Q0
                                Gate     Net
    Cell:in->out      fanout   Delay   Delay  Logical Name (Net Name)
    ----------------------------------------  ------------
     FDCE:C->Q             5   0.447   0.714  Q0 (Q0)
     INV:I->O              1   0.206   0.579  Mmux_Q3_GND_3_o_MUX_13_o11_INV_0 (Q3_GND_3_o_MUX_13_o)
     FDCE:D                    0.102          Q0
    ----------------------------------------
    Total                      2.048ns (0.755ns logic, 1.293ns route)
                                       (36.9% logic, 63.1% route)

=========================================================================
Timing constraint: Default period analysis for Clock 'XLXI_1/XLXI_1/TC'
  Clock period: 2.048ns (frequency: 488.317MHz)
  Total number of paths / destination ports: 11 / 4
-------------------------------------------------------------------------
Delay:               2.048ns (Levels of Logic = 1)
  Source:            XLXI_1/XLXI_2/Q0 (FF)
  Destination:       XLXI_1/XLXI_2/Q0 (FF)
  Source Clock:      XLXI_1/XLXI_1/TC falling
  Destination Clock: XLXI_1/XLXI_1/TC falling

  Data Path: XLXI_1/XLXI_2/Q0 to XLXI_1/XLXI_2/Q0
                                Gate     Net
    Cell:in->out      fanout   Delay   Delay  Logical Name (Net Name)
    ----------------------------------------  ------------
     FDCE:C->Q             5   0.447   0.714  Q0 (Q0)
     INV:I->O              1   0.206   0.579  Mmux_Q3_GND_3_o_MUX_13_o11_INV_0 (Q3_GND_3_o_MUX_13_o)
     FDCE:D                    0.102          Q0
    ----------------------------------------
    Total                      2.048ns (0.755ns logic, 1.293ns route)
                                       (36.9% logic, 63.1% route)

=========================================================================
Timing constraint: Default period analysis for Clock 'clk'
  Clock period: 2.048ns (frequency: 488.317MHz)
  Total number of paths / destination ports: 11 / 4
-------------------------------------------------------------------------
Delay:               2.048ns (Levels of Logic = 1)
  Source:            XLXI_1/XLXI_1/Q0 (FF)
  Destination:       XLXI_1/XLXI_1/Q0 (FF)
  Source Clock:      clk rising
  Destination Clock: clk rising

  Data Path: XLXI_1/XLXI_1/Q0 to XLXI_1/XLXI_1/Q0
                                Gate     Net
    Cell:in->out      fanout   Delay   Delay  Logical Name (Net Name)
    ----------------------------------------  ------------
     FDCE:C->Q             5   0.447   0.714  Q0 (Q0)
     INV:I->O              1   0.206   0.579  Mmux_Q3_GND_3_o_MUX_13_o11_INV_0 (Q3_GND_3_o_MUX_13_o)
     FDCE:D                    0.102          Q0
    ----------------------------------------
    Total                      2.048ns (0.755ns logic, 1.293ns route)
                                       (36.9% logic, 63.1% route)

=========================================================================
Timing constraint: Default period analysis for Clock 'XLXI_1/XLXI_4/TC'
  Clock period: 1.984ns (frequency: 504.007MHz)
  Total number of paths / destination ports: 1 / 1
-------------------------------------------------------------------------
Delay:               1.984ns (Levels of Logic = 1)
  Source:            XLXI_1/XLXI_21/Q (FF)
  Destination:       XLXI_1/XLXI_21/Q (FF)
  Source Clock:      XLXI_1/XLXI_4/TC falling
  Destination Clock: XLXI_1/XLXI_4/TC falling

  Data Path: XLXI_1/XLXI_21/Q to XLXI_1/XLXI_21/Q
                                Gate     Net
    Cell:in->out      fanout   Delay   Delay  Logical Name (Net Name)
    ----------------------------------------  ------------
     FDE:C->Q              3   0.447   0.650  Q (Q)
     INV:I->O              1   0.206   0.579  Q_INV_4_o1_INV_0 (Q_INV_4_o)
     FDE:D                     0.102          Q
    ----------------------------------------
    Total                      1.984ns (0.755ns logic, 1.229ns route)
                                       (38.1% logic, 61.9% route)

=========================================================================
Timing constraint: Default OFFSET OUT AFTER for Clock 'XLXI_1/XLXI_21/Q'
  Total number of paths / destination ports: 136 / 10
-------------------------------------------------------------------------
Offset:              11.106ns (Levels of Logic = 9)
  Source:            XLXI_8/XLXI_20/XLXI_15/Q0_Q1_0 (FF)
  Destination:       SEVEN<3> (PAD)
  Source Clock:      XLXI_1/XLXI_21/Q rising

  Data Path: XLXI_8/XLXI_20/XLXI_15/Q0_Q1_0 to SEVEN<3>
                                Gate     Net
    Cell:in->out      fanout   Delay   Delay  Logical Name (Net Name)
    ----------------------------------------  ------------
     FDE:C->Q              8   0.447   1.147  Q0_Q1_0 (Q0_Q1_0)
     end scope: 'XLXI_8/XLXI_20/XLXI_15:Q1'
     begin scope: 'XLXI_8/XLXI_20/XLXI_11:S1'
     LUT5:I0->O           16   0.203   1.349  Mmux_O11 (O)
     end scope: 'XLXI_8/XLXI_20/XLXI_11:O'
     XOR2:I1->O            1   0.223   0.944  XLXI_8/XLXI_15/XLXI_9 (XLXI_8/XLXI_15/XLXN_41)
     OR2:I0->O             1   0.203   0.924  XLXI_8/XLXI_15/XLXI_8 (XLXI_8/XLXI_15/XLXN_39)
     AND2:I1->O            1   0.223   0.924  XLXI_8/XLXI_15/XLXI_10 (XLXI_8/XLXI_15/XLXN_79)
     OR2:I1->O             1   0.223   0.924  XLXI_8/XLXI_15/XLXI_14 (XLXI_8/XLXI_15/XLXN_91)
     AND2B1:I1->O          1   0.223   0.579  XLXI_8/XLXI_15/XLXI_120 (SEVEN_3_OBUF)
     OBUF:I->O                 2.571          SEVEN_3_OBUF (SEVEN<3>)
    ----------------------------------------
    Total                     11.106ns (4.316ns logic, 6.790ns route)
                                       (38.9% logic, 61.1% route)

=========================================================================
Timing constraint: Default path analysis
  Total number of paths / destination ports: 2118 / 8
-------------------------------------------------------------------------
Delay:               12.751ns (Levels of Logic = 16)
  Source:            slide<0> (PAD)
  Destination:       SEVEN<3> (PAD)

  Data Path: slide<0> to SEVEN<3>
                                Gate     Net
    Cell:in->out      fanout   Delay   Delay  Logical Name (Net Name)
    ----------------------------------------  ------------
     IBUF:I->O             1   1.222   0.684  slide_0_IBUF (slide_0_IBUF)
     begin scope: 'XLXI_8/XLXI_1:A<0>'
     LUT2:I0->O            1   0.203   0.000  Madd_n0010_lut<0> (Madd_n0010_lut<0>)
     MUXCY:S->O            1   0.172   0.000  Madd_n0010_cy<0> (Madd_n0010_cy<0>)
     MUXCY:CI->O           1   0.019   0.000  Madd_n0010_cy<1> (Madd_n0010_cy<1>)
     MUXCY:CI->O           1   0.019   0.000  Madd_n0010_cy<2> (Madd_n0010_cy<2>)
     MUXCY:CI->O           1   0.019   0.000  Madd_n0010_cy<3> (Madd_n0010_cy<3>)
     XORCY:CI->O           2   0.180   0.721  Madd_n0010_xor<4> (S<4>)
     end scope: 'XLXI_8/XLXI_1:S<4>'
     begin scope: 'XLXI_8/XLXI_20/XLXI_11:D1'
     LUT5:I3->O           16   0.203   1.349  Mmux_O11 (O)
     end scope: 'XLXI_8/XLXI_20/XLXI_11:O'
     XOR2:I1->O            1   0.223   0.944  XLXI_8/XLXI_15/XLXI_9 (XLXI_8/XLXI_15/XLXN_41)
     OR2:I0->O             1   0.203   0.924  XLXI_8/XLXI_15/XLXI_8 (XLXI_8/XLXI_15/XLXN_39)
     AND2:I1->O            1   0.223   0.924  XLXI_8/XLXI_15/XLXI_10 (XLXI_8/XLXI_15/XLXN_79)
     OR2:I1->O             1   0.223   0.924  XLXI_8/XLXI_15/XLXI_14 (XLXI_8/XLXI_15/XLXN_91)
     AND2B1:I1->O          1   0.223   0.579  XLXI_8/XLXI_15/XLXI_120 (SEVEN_3_OBUF)
     OBUF:I->O                 2.571          SEVEN_3_OBUF (SEVEN<3>)
    ----------------------------------------
    Total                     12.751ns (5.703ns logic, 7.048ns route)
                                       (44.7% logic, 55.3% route)

=========================================================================

Cross Clock Domains Report:
--------------------------

Clock to Setup on destination clock XLXI_1/XLXI_1/TC
----------------+---------+---------+---------+---------+
                | Src:Rise| Src:Fall| Src:Rise| Src:Fall|
Source Clock    |Dest:Rise|Dest:Rise|Dest:Fall|Dest:Fall|
----------------+---------+---------+---------+---------+
XLXI_1/XLXI_1/TC|         |         |    2.048|         |
----------------+---------+---------+---------+---------+

Clock to Setup on destination clock XLXI_1/XLXI_2/TC
----------------+---------+---------+---------+---------+
                | Src:Rise| Src:Fall| Src:Rise| Src:Fall|
Source Clock    |Dest:Rise|Dest:Rise|Dest:Fall|Dest:Fall|
----------------+---------+---------+---------+---------+
XLXI_1/XLXI_2/TC|         |         |    2.048|         |
----------------+---------+---------+---------+---------+

Clock to Setup on destination clock XLXI_1/XLXI_21/Q
----------------+---------+---------+---------+---------+
                | Src:Rise| Src:Fall| Src:Rise| Src:Fall|
Source Clock    |Dest:Rise|Dest:Rise|Dest:Fall|Dest:Fall|
----------------+---------+---------+---------+---------+
XLXI_1/XLXI_21/Q|    2.163|         |         |         |
----------------+---------+---------+---------+---------+

Clock to Setup on destination clock XLXI_1/XLXI_3/TC
----------------+---------+---------+---------+---------+
                | Src:Rise| Src:Fall| Src:Rise| Src:Fall|
Source Clock    |Dest:Rise|Dest:Rise|Dest:Fall|Dest:Fall|
----------------+---------+---------+---------+---------+
XLXI_1/XLXI_3/TC|         |         |    2.048|         |
----------------+---------+---------+---------+---------+

Clock to Setup on destination clock XLXI_1/XLXI_4/TC
----------------+---------+---------+---------+---------+
                | Src:Rise| Src:Fall| Src:Rise| Src:Fall|
Source Clock    |Dest:Rise|Dest:Rise|Dest:Fall|Dest:Fall|
----------------+---------+---------+---------+---------+
XLXI_1/XLXI_4/TC|         |         |    1.984|         |
----------------+---------+---------+---------+---------+

Clock to Setup on destination clock clk
---------------+---------+---------+---------+---------+
               | Src:Rise| Src:Fall| Src:Rise| Src:Fall|
Source Clock   |Dest:Rise|Dest:Rise|Dest:Fall|Dest:Fall|
---------------+---------+---------+---------+---------+
clk            |    2.048|         |         |         |
---------------+---------+---------+---------+---------+

=========================================================================


Total REAL time to Xst completion: 9.00 secs
Total CPU time to Xst completion: 8.21 secs
 
--> 

Total memory usage is 4509436 kilobytes

Number of errors   :    0 (   0 filtered)
Number of warnings :   28 (   0 filtered)
Number of infos    :   25 (   0 filtered)

