#-----------------------------------------------------------
# PlanAhead v14.7 (64-bit)
# Build 321239 by xbuild on Fri Sep 27 19:29:51 MDT 2013
# Start of session at: Tue Oct 08 00:02:14 2019
# Process ID: 2936
# Log file: D:/Digital/lab/Lab6Tst/planAhead_run_2/planAhead.log
# Journal file: D:/Digital/lab/Lab6Tst/planAhead_run_2/planAhead.jou
#-----------------------------------------------------------
INFO: [Common 17-78] Attempting to get a license: PlanAhead
INFO: [Common 17-290] Got license for PlanAhead
INFO: [Device 21-36] Loading parts and site information from C:/Xilinx/14.7/ISE_DS/PlanAhead/data/parts/arch.xml
Parsing RTL primitives file [C:/Xilinx/14.7/ISE_DS/PlanAhead/data/parts/xilinx/rtl/prims/rtl_prims.xml]
Finished parsing RTL primitives file [C:/Xilinx/14.7/ISE_DS/PlanAhead/data/parts/xilinx/rtl/prims/rtl_prims.xml]
start_gui
source D:/Digital/lab/Lab6Tst/pa.fromHdl.tcl
# create_project -name Lab6Tst -dir "D:/Digital/lab/Lab6Tst/planAhead_run_2" -part xc6slx9tqg144-3
# set_param project.pinAheadLayout yes
# set srcset [get_property srcset [current_run -impl]]
# set_property target_constrs_file "result.ucf" [current_fileset -constrset]
Adding file 'D:/Digital/lab/Lab6Tst/result.ucf' to fileset 'constrs_1'
# set hdlfile [add_files [list {div2.vf}]]
# set_property file_type Verilog $hdlfile
# set_property library work $hdlfile
# set hdlfile [add_files [list {div10.vf}]]
# set_property file_type Verilog $hdlfile
# set_property library work $hdlfile
# set hdlfile [add_files [list {sevensegment.vf}]]
# set_property file_type Verilog $hdlfile
# set_property library work $hdlfile
# set hdlfile [add_files [list {Counter.vf}]]
# set_property file_type Verilog $hdlfile
# set_property library work $hdlfile
# set hdlfile [add_files [list {Clock.vf}]]
# set_property file_type Verilog $hdlfile
# set_property library work $hdlfile
# set hdlfile [add_files [list {result.vf}]]
# set_property file_type Verilog $hdlfile
# set_property library work $hdlfile
# set_property top result $srcset
# add_files [list {result.ucf}] -fileset [get_property constrset [current_run]]
# open_rtl_design -part xc6slx9tqg144-3
Using Verific elaboration
Parsing VHDL file "C:/Xilinx/14.7/ISE_DS/PlanAhead/data/parts/xilinx/rtl/lib/synplify/synattr.vhd" into library synplify
Analyzing Verilog file "D:/Digital/lab/Lab6Tst/result.vf" into library work
Loading clock regions from C:/Xilinx/14.7/ISE_DS/PlanAhead/data\parts/xilinx/spartan6/spartan6lx/xc6slx9/ClockRegion.xml
Loading clock buffers from C:/Xilinx/14.7/ISE_DS/PlanAhead/data\parts/xilinx/spartan6/spartan6lx/xc6slx9/ClockBuffers.xml
Loading package pin functions from C:/Xilinx/14.7/ISE_DS/PlanAhead/data\parts/xilinx/spartan6/PinFunctions.xml...
Loading package from C:/Xilinx/14.7/ISE_DS/PlanAhead/data\parts/xilinx/spartan6/spartan6lx/xc6slx9/tqg144/Package.xml
Loading io standards from C:/Xilinx/14.7/ISE_DS/PlanAhead/data\./parts/xilinx/spartan6/IOStandards.xml
Loading device configuration modes from C:/Xilinx/14.7/ISE_DS/PlanAhead/data\parts/xilinx/spartan6/ConfigModes.xml
Loading list of drcs for the architecture : C:/Xilinx/14.7/ISE_DS/PlanAhead/data\./parts/xilinx/spartan6/drc.xml
Parsing UCF File [D:/Digital/lab/Lab6Tst/result.ucf]
Finished Parsing UCF File [D:/Digital/lab/Lab6Tst/result.ucf]
INFO: [Project 1-111] Unisim Transformation Summary:
No Unisim elements were transformed.

Phase 0 | Netlist Checksum: 64b7db82
open_rtl_design: Time (s): elapsed = 00:00:08 . Memory (MB): peak = 642.555 ; gain = 161.344
update_compile_order -fileset sim_1
startgroup
set_property package_pin P82 [get_ports L0_P82]
endgroup
startgroup
set_property package_pin P81 [get_ports L1_81]
endgroup
startgroup
set_property package_pin P80 [get_ports L2_P80]
endgroup
startgroup
set_property package_pin P79 [get_ports L3_P79]
endgroup
startgroup
set_property package_pin P78 [get_ports L4_P78]
endgroup
startgroup
set_property package_pin P75 [get_ports L5_P75]
endgroup
set_property is_loc_fixed false [get_ports [list  L5_P75]]
startgroup
set_property package_pin P74 [get_ports L6_P74]
endgroup
startgroup
set_property package_pin P67 [get_ports L7_P67]
endgroup
set_property is_loc_fixed false [get_ports [list  L7_P67]]
set_property is_loc_fixed true [get_ports [list  L7_P67]]
save_constraints
exit
ERROR: [PlanAhead 12-106] *** Exception: ui.h.b: Found deleted key in HTclEventBroker. Verify if the classes listed here call cleanup()
HTclEvent: SIGNAL_BUS_MODIFY   Classes: ui.views.aR 
HTclEvent: SIGNAL_MODIFY   Classes: ui.views.aR 
HTclEvent: DEBUG_PORT_CONFIG_CHANGE   Classes: ui.views.aR 
HTclEvent: DEBUG_CORE_CONFIG_CHANGE   Classes: ui.views.aR 
 (See D:/Digital/lab/Lab6Tst\planAhead_pid2936.debug)
ERROR: [Common 17-39] 'stop_gui' failed due to earlier errors.
INFO: [Common 17-206] Exiting PlanAhead at Tue Oct 08 00:04:20 2019...
INFO: [Common 17-83] Releasing license: PlanAhead
