#-----------------------------------------------------------
# PlanAhead v14.7 (64-bit)
# Build 321239 by xbuild on Fri Sep 27 19:29:51 MDT 2013
# Start of session at: Mon Sep 30 15:38:04 2019
# Process ID: 2260
# Log file: C:/Users/Puwadol Limwanichsin/Downloads/NewCOUNTER/planAhead_run_3/planAhead.log
# Journal file: C:/Users/Puwadol Limwanichsin/Downloads/NewCOUNTER/planAhead_run_3/planAhead.jou
#-----------------------------------------------------------
INFO: [Common 17-78] Attempting to get a license: PlanAhead
INFO: [Common 17-290] Got license for PlanAhead
INFO: [Device 21-36] Loading parts and site information from C:/Xilinx/14.7/ISE_DS/PlanAhead/data/parts/arch.xml
Parsing RTL primitives file [C:/Xilinx/14.7/ISE_DS/PlanAhead/data/parts/xilinx/rtl/prims/rtl_prims.xml]
Finished parsing RTL primitives file [C:/Xilinx/14.7/ISE_DS/PlanAhead/data/parts/xilinx/rtl/prims/rtl_prims.xml]
start_gui
source {C:/Users/Puwadol Limwanichsin/Downloads/NewCOUNTER/pa.fromHdl.tcl}
# create_project -name NewCOUNTER -dir "C:/Users/Puwadol Limwanichsin/Downloads/NewCOUNTER/planAhead_run_3" -part xc6slx9tqg144-3
# set_param project.pinAheadLayout yes
# set srcset [get_property srcset [current_run -impl]]
# set_property target_constrs_file "Counter.ucf" [current_fileset -constrset]
Adding file 'C:/Users/Puwadol Limwanichsin/Downloads/NewCOUNTER/Counter.ucf' to fileset 'constrs_1'
# set hdlfile [add_files [list {Sevensegment.vf}]]
# set_property file_type Verilog $hdlfile
# set_property library work $hdlfile
# set hdlfile [add_files [list {Counter.vf}]]
# set_property file_type Verilog $hdlfile
# set_property library work $hdlfile
# set_property top Counter $srcset
# add_files [list {Counter.ucf}] -fileset [get_property constrset [current_run]]
# open_rtl_design -part xc6slx9tqg144-3
Using Verific elaboration
Parsing VHDL file "C:/Xilinx/14.7/ISE_DS/PlanAhead/data/parts/xilinx/rtl/lib/synplify/synattr.vhd" into library synplify
Analyzing Verilog file "C:/Users/Puwadol Limwanichsin/Downloads/NewCOUNTER/Counter.vf" into library work
Loading clock regions from C:/Xilinx/14.7/ISE_DS/PlanAhead/data\parts/xilinx/spartan6/spartan6lx/xc6slx9/ClockRegion.xml
Loading clock buffers from C:/Xilinx/14.7/ISE_DS/PlanAhead/data\parts/xilinx/spartan6/spartan6lx/xc6slx9/ClockBuffers.xml
Loading package pin functions from C:/Xilinx/14.7/ISE_DS/PlanAhead/data\parts/xilinx/spartan6/PinFunctions.xml...
Loading package from C:/Xilinx/14.7/ISE_DS/PlanAhead/data\parts/xilinx/spartan6/spartan6lx/xc6slx9/tqg144/Package.xml
Loading io standards from C:/Xilinx/14.7/ISE_DS/PlanAhead/data\./parts/xilinx/spartan6/IOStandards.xml
Loading device configuration modes from C:/Xilinx/14.7/ISE_DS/PlanAhead/data\parts/xilinx/spartan6/ConfigModes.xml
Loading list of drcs for the architecture : C:/Xilinx/14.7/ISE_DS/PlanAhead/data\./parts/xilinx/spartan6/drc.xml
Parsing UCF File [C:/Users/Puwadol Limwanichsin/Downloads/NewCOUNTER/Counter.ucf]
Finished Parsing UCF File [C:/Users/Puwadol Limwanichsin/Downloads/NewCOUNTER/Counter.ucf]
INFO: [Project 1-111] Unisim Transformation Summary:
No Unisim elements were transformed.

Phase 0 | Netlist Checksum: 9ff53351
open_rtl_design: Time (s): elapsed = 00:00:12 . Memory (MB): peak = 648.773 ; gain = 180.492
update_compile_order -fileset sim_1
startgroup
set_property package_pin P41 [get_ports A_P41]
endgroup
set_property is_loc_fixed false [get_ports [list  A_P41]]
startgroup
set_property package_pin P40 [get_ports B_P40]
endgroup
set_property is_loc_fixed true [get_ports [list  A_P41]]
set_property is_loc_fixed false [get_ports [list  A_P41]]
set_property is_loc_fixed true [get_ports [list  A_P41]]
startgroup
set_property package_pin P35 [get_ports C_P35]
endgroup
set_property package_pin "" [get_ports [list  D_P34]]
startgroup
set_property package_pin P45 [get_ports CLK_P45]
endgroup
startgroup
set_property package_pin P34 [get_ports D_P34]
endgroup
startgroup
set_property package_pin P32 [get_ports E_P32]
endgroup
set_property is_loc_fixed false [get_ports [list  E_P32]]
set_property package_pin "" [get_ports [list  F_P29]]
set_property is_loc_fixed true [get_ports [list  E_P32]]
startgroup
set_property package_pin P29 [get_ports F_P29]
endgroup
startgroup
set_property package_pin P27 [get_ports G_P27]
endgroup
save_constraints
exit
ERROR: [PlanAhead 12-106] *** Exception: ui.h.b: Found deleted key in HTclEventBroker. Verify if the classes listed here call cleanup()
HTclEvent: DEBUG_CORE_CONFIG_CHANGE   Classes: ui.views.aR 
HTclEvent: SIGNAL_MODIFY   Classes: ui.views.aR 
HTclEvent: DEBUG_PORT_CONFIG_CHANGE   Classes: ui.views.aR 
HTclEvent: SIGNAL_BUS_MODIFY   Classes: ui.views.aR 
 (See C:/Users/Puwadol Limwanichsin/Downloads/NewCOUNTER\planAhead_pid2260.debug)
ERROR: [Common 17-39] 'stop_gui' failed due to earlier errors.
INFO: [Common 17-206] Exiting PlanAhead at Mon Sep 30 15:43:02 2019...
INFO: [Common 17-83] Releasing license: PlanAhead
