
****** PlanAhead v14.7 (64-bit)
  **** Build 321239 by xbuild on Fri Sep 27 19:29:51 MDT 2013
    ** Copyright 1986-1999, 2001-2013 Xilinx, Inc. All Rights Reserved.

INFO: [Common 17-78] Attempting to get a license: PlanAhead
INFO: [Common 17-290] Got license for PlanAhead
INFO: [Device 21-36] Loading parts and site information from C:/Xilinx/14.7/ISE_DS/PlanAhead/data/parts/arch.xml
Parsing RTL primitives file [C:/Xilinx/14.7/ISE_DS/PlanAhead/data/parts/xilinx/rtl/prims/rtl_prims.xml]
Finished parsing RTL primitives file [C:/Xilinx/14.7/ISE_DS/PlanAhead/data/parts/xilinx/rtl/prims/rtl_prims.xml]
start_gui
source D:/Digital/lab/lab4.2V2/pa.fromHdl.tcl
# create_project -name lab4.2V2 -dir "D:/Digital/lab/lab4.2V2/planAhead_run_2" -part xc6slx9tqg144-3
# set_param project.pinAheadLayout yes
# set srcset [get_property srcset [current_run -impl]]
# set_property target_constrs_file "AlpsPin.ucf" [current_fileset -constrset]
Adding file 'D:/Digital/lab/lab4.2V2/AlpsPin.ucf' to fileset 'constrs_1'
# set hdlfile [add_files [list {Alps.vf}]]
# set_property file_type Verilog $hdlfile
# set_property library work $hdlfile
# set_property top Alps $srcset
# add_files [list {AlpsPin.ucf}] -fileset [get_property constrset [current_run]]
# open_rtl_design -part xc6slx9tqg144-3
Using Verific elaboration
Parsing VHDL file "C:/Xilinx/14.7/ISE_DS/PlanAhead/data/parts/xilinx/rtl/lib/synplify/synattr.vhd" into library synplify
Analyzing Verilog file "D:/Digital/lab/lab4.2V2/Alps.vf" into library work
Loading clock regions from C:/Xilinx/14.7/ISE_DS/PlanAhead/data\parts/xilinx/spartan6/spartan6lx/xc6slx9/ClockRegion.xml
Loading clock buffers from C:/Xilinx/14.7/ISE_DS/PlanAhead/data\parts/xilinx/spartan6/spartan6lx/xc6slx9/ClockBuffers.xml
Loading package pin functions from C:/Xilinx/14.7/ISE_DS/PlanAhead/data\parts/xilinx/spartan6/PinFunctions.xml...
Loading package from C:/Xilinx/14.7/ISE_DS/PlanAhead/data\parts/xilinx/spartan6/spartan6lx/xc6slx9/tqg144/Package.xml
Loading io standards from C:/Xilinx/14.7/ISE_DS/PlanAhead/data\./parts/xilinx/spartan6/IOStandards.xml
Loading device configuration modes from C:/Xilinx/14.7/ISE_DS/PlanAhead/data\parts/xilinx/spartan6/ConfigModes.xml
Loading list of drcs for the architecture : C:/Xilinx/14.7/ISE_DS/PlanAhead/data\./parts/xilinx/spartan6/drc.xml
Parsing UCF File [D:/Digital/lab/lab4.2V2/AlpsPin.ucf]
Finished Parsing UCF File [D:/Digital/lab/lab4.2V2/AlpsPin.ucf]
INFO: [Project 1-111] Unisim Transformation Summary:
No Unisim elements were transformed.

Phase 0 | Netlist Checksum: 5c98887a
open_rtl_design: Time (s): elapsed = 00:00:12 . Memory (MB): peak = 650.688 ; gain = 195.293
update_compile_order -fileset sim_1
startgroup
set_property package_pin P60 [get_ports A_P59]
endgroup
set_property package_pin "" [get_ports [list  B_P61]]
startgroup
set_property package_pin P59 [get_ports A_P59]
endgroup
startgroup
set_property package_pin P61 [get_ports B_P61]
endgroup
startgroup
set_property package_pin P82 [get_ports C1_P82]
endgroup
set_property package_pin "" [get_ports [list  D_P66]]
startgroup
set_property package_pin P62 [get_ports C_P62]
endgroup
startgroup
set_property package_pin P66 [get_ports D_P66]
endgroup
startgroup
set_property package_pin P80 [get_ports S0_P80]
endgroup
startgroup
set_property package_pin P81 [get_ports S1_P81]
endgroup
save_constraints
exit
ERROR: [Common 17-39] 'stop_gui' failed due to earlier errors.
INFO: [Common 17-206] Exiting PlanAhead at Mon Sep 09 15:20:55 2019...
INFO: [Common 17-83] Releasing license: PlanAhead
