Release 14.7 - xst P.20131013 (nt64)
Copyright (c) 1995-2013 Xilinx, Inc.  All rights reserved.
--> Parameter TMPDIR set to xst/projnav.tmp


Total REAL time to Xst completion: 1.00 secs
Total CPU time to Xst completion: 0.09 secs
 
--> Parameter xsthdpdir set to xst


Total REAL time to Xst completion: 1.00 secs
Total CPU time to Xst completion: 0.09 secs
 
--> Reading design: res.prj

TABLE OF CONTENTS
  1) Synthesis Options Summary
  2) HDL Parsing
  3) HDL Elaboration
  4) HDL Synthesis
       4.1) HDL Synthesis Report
  5) Advanced HDL Synthesis
       5.1) Advanced HDL Synthesis Report
  6) Low Level Synthesis
  7) Partition Report
  8) Design Summary
       8.1) Primitive and Black Box Usage
       8.2) Device utilization summary
       8.3) Partition Resource Summary
       8.4) Timing Report
            8.4.1) Clock Information
            8.4.2) Asynchronous Control Signals Information
            8.4.3) Timing Summary
            8.4.4) Timing Details
            8.4.5) Cross Clock Domains Report


=========================================================================
*                      Synthesis Options Summary                        *
=========================================================================
---- Source Parameters
Input File Name                    : "res.prj"
Ignore Synthesis Constraint File   : NO

---- Target Parameters
Output File Name                   : "res"
Output Format                      : NGC
Target Device                      : xc6slx9-3-tqg144

---- Source Options
Top Module Name                    : res
Automatic FSM Extraction           : YES
FSM Encoding Algorithm             : Auto
Safe Implementation                : No
FSM Style                          : LUT
RAM Extraction                     : Yes
RAM Style                          : Auto
ROM Extraction                     : Yes
Shift Register Extraction          : YES
ROM Style                          : Auto
Resource Sharing                   : YES
Asynchronous To Synchronous        : NO
Shift Register Minimum Size        : 2
Use DSP Block                      : Auto
Automatic Register Balancing       : No

---- Target Options
LUT Combining                      : Auto
Reduce Control Sets                : Auto
Add IO Buffers                     : YES
Global Maximum Fanout              : 100000
Add Generic Clock Buffer(BUFG)     : 16
Register Duplication               : YES
Optimize Instantiated Primitives   : NO
Use Clock Enable                   : Auto
Use Synchronous Set                : Auto
Use Synchronous Reset              : Auto
Pack IO Registers into IOBs        : Auto
Equivalent register Removal        : YES

---- General Options
Optimization Goal                  : Speed
Optimization Effort                : 1
Power Reduction                    : NO
Keep Hierarchy                     : No
Netlist Hierarchy                  : As_Optimized
RTL Output                         : Yes
Global Optimization                : AllClockNets
Read Cores                         : YES
Write Timing Constraints           : NO
Cross Clock Analysis               : NO
Hierarchy Separator                : /
Bus Delimiter                      : <>
Case Specifier                     : Maintain
Slice Utilization Ratio            : 100
BRAM Utilization Ratio             : 100
DSP48 Utilization Ratio            : 100
Auto BRAM Packing                  : NO
Slice Utilization Ratio Delta      : 5

=========================================================================


=========================================================================
*                          HDL Parsing                                  *
=========================================================================
Analyzing Verilog file "D:\work\2D\Digital\lab\Lab9ALU\Svn2.vf" into library work
Parsing module <Svn2>.
Analyzing Verilog file "D:\work\2D\Digital\lab\Lab9ALU\Mux.vf" into library work
Parsing module <M2_1_HXILINX_Mux>.
Parsing module <Mux>.
Analyzing Verilog file "D:\work\2D\Digital\lab\Lab9ALU\Divider.vf" into library work
Parsing module <CD4RE_HXILINX_Divider>.
Parsing module <Divider>.
Analyzing Verilog file "D:\work\2D\Digital\lab\Lab9ALU\res.vf" into library work
Parsing module <CD4RE_HXILINX_res>.
Parsing module <M2_1_HXILINX_res>.
Parsing module <Mux_MUSER_res>.
Parsing module <Svn2_MUSER_res>.
Parsing module <Divider_MUSER_res>.
Parsing module <res>.

=========================================================================
*                            HDL Elaboration                            *
=========================================================================

Elaborating module <res>.

Elaborating module <Divider_MUSER_res>.

Elaborating module <CD4RE_HXILINX_res>.
WARNING:HDLCompiler:413 - "D:\work\2D\Digital\lab\Lab9ALU\res.vf" Line 60: Result of 5-bit expression is truncated to fit in 4-bit target.

Elaborating module <INV>.

Elaborating module <FDR>.

Elaborating module <VCC>.
WARNING:HDLCompiler:552 - "D:\work\2D\Digital\lab\Lab9ALU\res.vf" Line 389: Input port R is not connected on this instance
WARNING:HDLCompiler:552 - "D:\work\2D\Digital\lab\Lab9ALU\res.vf" Line 399: Input port R is not connected on this instance
WARNING:HDLCompiler:552 - "D:\work\2D\Digital\lab\Lab9ALU\res.vf" Line 409: Input port R is not connected on this instance

Elaborating module <Svn2_MUSER_res>.

Elaborating module <OR3>.

Elaborating module <XNOR2>.

Elaborating module <OR4>.

Elaborating module <OR2>.

Elaborating module <XOR2>.

Elaborating module <AND2>.

Elaborating module <AND3>.

Elaborating module <OR2B1>.

Elaborating module <AND4B1>.

Elaborating module <AND4B2>.

Elaborating module <AND2B1>.

Elaborating module <Mux_MUSER_res>.

Elaborating module <M2_1_HXILINX_res>.
WARNING:HDLCompiler:552 - "D:\work\2D\Digital\lab\Lab9ALU\res.vf" Line 472: Input port P is not connected on this instance

=========================================================================
*                           HDL Synthesis                               *
=========================================================================

Synthesizing Unit <res>.
    Related source file is "D:\work\2D\Digital\lab\Lab9ALU\res.vf".
INFO:Xst:3210 - "D:\work\2D\Digital\lab\Lab9ALU\res.vf" line 472: Output port <SegP> of the instance <XLXI_47> is unconnected or connected to loadless signal.
    Summary:
	no macro.
Unit <res> synthesized.

Synthesizing Unit <Divider_MUSER_res>.
    Related source file is "D:\work\2D\Digital\lab\Lab9ALU\res.vf".
    Set property "HU_SET = XLXI_1_4" for instance <XLXI_1>.
    Set property "HU_SET = XLXI_2_5" for instance <XLXI_2>.
    Set property "HU_SET = XLXI_3_6" for instance <XLXI_3>.
WARNING:Xst:2898 - Port 'R', unconnected in block instance 'XLXI_1', is tied to GND.
WARNING:Xst:2898 - Port 'R', unconnected in block instance 'XLXI_2', is tied to GND.
WARNING:Xst:2898 - Port 'R', unconnected in block instance 'XLXI_3', is tied to GND.
INFO:Xst:3210 - "D:\work\2D\Digital\lab\Lab9ALU\res.vf" line 389: Output port <Q0> of the instance <XLXI_1> is unconnected or connected to loadless signal.
INFO:Xst:3210 - "D:\work\2D\Digital\lab\Lab9ALU\res.vf" line 389: Output port <Q1> of the instance <XLXI_1> is unconnected or connected to loadless signal.
INFO:Xst:3210 - "D:\work\2D\Digital\lab\Lab9ALU\res.vf" line 389: Output port <Q2> of the instance <XLXI_1> is unconnected or connected to loadless signal.
INFO:Xst:3210 - "D:\work\2D\Digital\lab\Lab9ALU\res.vf" line 389: Output port <Q3> of the instance <XLXI_1> is unconnected or connected to loadless signal.
INFO:Xst:3210 - "D:\work\2D\Digital\lab\Lab9ALU\res.vf" line 389: Output port <TC> of the instance <XLXI_1> is unconnected or connected to loadless signal.
INFO:Xst:3210 - "D:\work\2D\Digital\lab\Lab9ALU\res.vf" line 399: Output port <Q0> of the instance <XLXI_2> is unconnected or connected to loadless signal.
INFO:Xst:3210 - "D:\work\2D\Digital\lab\Lab9ALU\res.vf" line 399: Output port <Q1> of the instance <XLXI_2> is unconnected or connected to loadless signal.
INFO:Xst:3210 - "D:\work\2D\Digital\lab\Lab9ALU\res.vf" line 399: Output port <Q2> of the instance <XLXI_2> is unconnected or connected to loadless signal.
INFO:Xst:3210 - "D:\work\2D\Digital\lab\Lab9ALU\res.vf" line 399: Output port <Q3> of the instance <XLXI_2> is unconnected or connected to loadless signal.
INFO:Xst:3210 - "D:\work\2D\Digital\lab\Lab9ALU\res.vf" line 399: Output port <TC> of the instance <XLXI_2> is unconnected or connected to loadless signal.
INFO:Xst:3210 - "D:\work\2D\Digital\lab\Lab9ALU\res.vf" line 409: Output port <Q0> of the instance <XLXI_3> is unconnected or connected to loadless signal.
INFO:Xst:3210 - "D:\work\2D\Digital\lab\Lab9ALU\res.vf" line 409: Output port <Q1> of the instance <XLXI_3> is unconnected or connected to loadless signal.
INFO:Xst:3210 - "D:\work\2D\Digital\lab\Lab9ALU\res.vf" line 409: Output port <Q2> of the instance <XLXI_3> is unconnected or connected to loadless signal.
INFO:Xst:3210 - "D:\work\2D\Digital\lab\Lab9ALU\res.vf" line 409: Output port <Q3> of the instance <XLXI_3> is unconnected or connected to loadless signal.
INFO:Xst:3210 - "D:\work\2D\Digital\lab\Lab9ALU\res.vf" line 409: Output port <TC> of the instance <XLXI_3> is unconnected or connected to loadless signal.
    Summary:
	no macro.
Unit <Divider_MUSER_res> synthesized.

Synthesizing Unit <CD4RE_HXILINX_res>.
    Related source file is "D:\work\2D\Digital\lab\Lab9ALU\res.vf".
        TERMINAL_COUNT = 4'b1001
    Found 1-bit register for signal <Q1>.
    Found 1-bit register for signal <Q2>.
    Found 1-bit register for signal <Q3>.
    Found 1-bit register for signal <Q0>.
    Found 4-bit adder for signal <Q3_GND_3_o_add_5_OUT> created at line 60.
    Summary:
	inferred   1 Adder/Subtractor(s).
	inferred   4 D-type flip-flop(s).
	inferred   7 Multiplexer(s).
Unit <CD4RE_HXILINX_res> synthesized.

Synthesizing Unit <Svn2_MUSER_res>.
    Related source file is "D:\work\2D\Digital\lab\Lab9ALU\res.vf".
    Summary:
	no macro.
Unit <Svn2_MUSER_res> synthesized.

Synthesizing Unit <Mux_MUSER_res>.
    Related source file is "D:\work\2D\Digital\lab\Lab9ALU\res.vf".
    Set property "HU_SET = XLXI_1_0" for instance <XLXI_1>.
    Set property "HU_SET = XLXI_2_1" for instance <XLXI_2>.
    Set property "HU_SET = XLXI_3_2" for instance <XLXI_3>.
    Set property "HU_SET = XLXI_4_3" for instance <XLXI_4>.
    Summary:
	no macro.
Unit <Mux_MUSER_res> synthesized.

Synthesizing Unit <M2_1_HXILINX_res>.
    Related source file is "D:\work\2D\Digital\lab\Lab9ALU\res.vf".
    Summary:
	inferred   1 Multiplexer(s).
Unit <M2_1_HXILINX_res> synthesized.

=========================================================================
HDL Synthesis Report

Macro Statistics
# Adders/Subtractors                                   : 3
 4-bit adder                                           : 3
# Registers                                            : 3
 4-bit register                                        : 3
# Multiplexers                                         : 25
 1-bit 2-to-1 multiplexer                              : 25

=========================================================================

=========================================================================
*                       Advanced HDL Synthesis                          *
=========================================================================


=========================================================================
Advanced HDL Synthesis Report

Macro Statistics
# Adders/Subtractors                                   : 3
 4-bit adder                                           : 3
# Registers                                            : 13
 Flip-Flops                                            : 13
# Multiplexers                                         : 21
 1-bit 2-to-1 multiplexer                              : 21

=========================================================================

=========================================================================
*                         Low Level Synthesis                           *
=========================================================================

Optimizing unit <Divider_MUSER_res> ...

Optimizing unit <Svn2_MUSER_res> ...

Optimizing unit <XLXI_52/XLXI_1> ...

Optimizing unit <XLXI_52/XLXI_2> ...

Optimizing unit <XLXI_52/XLXI_3> ...

Optimizing unit <XLXI_52/XLXI_4> ...

Optimizing unit <res> ...

Optimizing unit <CD4RE_HXILINX_res> ...

Mapping all equations...
Building and optimizing final netlist ...
Found area constraint ratio of 100 (+ 5) on block res, actual ratio is 0.

Final Macro Processing ...

=========================================================================
Final Register Report

Macro Statistics
# Registers                                            : 13
 Flip-Flops                                            : 13

=========================================================================

=========================================================================
*                           Partition Report                            *
=========================================================================

Partition Implementation Status
-------------------------------

  No Partitions were found in this design.

-------------------------------

=========================================================================
*                            Design Summary                             *
=========================================================================

Top Level Output File Name         : res.ngc

Primitive and Black Box Usage:
------------------------------
# BELS                             : 90
#      AND2                        : 9
#      AND2B1                      : 7
#      AND3                        : 4
#      AND4B1                      : 1
#      AND4B2                      : 1
#      GND                         : 1
#      INV                         : 20
#      LUT3                        : 10
#      LUT4                        : 6
#      OR2                         : 9
#      OR2B1                       : 1
#      OR3                         : 5
#      OR4                         : 1
#      VCC                         : 1
#      XNOR2                       : 4
#      XOR2                        : 10
# FlipFlops/Latches                : 13
#      FDR                         : 1
#      FDRE                        : 12
# Clock Buffers                    : 1
#      BUFGP                       : 1
# IO Buffers                       : 27
#      IBUF                        : 16
#      OBUF                        : 11

Device utilization summary:
---------------------------

Selected Device : 6slx9tqg144-3 


Slice Logic Utilization: 
 Number of Slice Registers:              13  out of  11440     0%  
 Number of Slice LUTs:                   36  out of   5720     0%  
    Number used as Logic:                36  out of   5720     0%  

Slice Logic Distribution: 
 Number of LUT Flip Flop pairs used:     49
   Number with an unused Flip Flop:      36  out of     49    73%  
   Number with an unused LUT:            13  out of     49    26%  
   Number of fully used LUT-FF pairs:     0  out of     49     0%  
   Number of unique control sets:         4

IO Utilization: 
 Number of IOs:                          28
 Number of bonded IOBs:                  28  out of    102    27%  

Specific Feature Utilization:
 Number of BUFG/BUFGCTRLs:                1  out of     16     6%  

---------------------------
Partition Resource Summary:
---------------------------

  No Partitions were found in this design.

---------------------------


=========================================================================
Timing Report

NOTE: THESE TIMING NUMBERS ARE ONLY A SYNTHESIS ESTIMATE.
      FOR ACCURATE TIMING INFORMATION PLEASE REFER TO THE TRACE REPORT
      GENERATED AFTER PLACE-and-ROUTE.

Clock Information:
------------------
---------------------------------------------+---------------------------+-------+
Clock Signal                                 | Clock buffer(FF name)     | Load  |
---------------------------------------------+---------------------------+-------+
XLXI_42/XLXI_3/TC(XLXI_42/XLXI_3/Mmux_TC11:O)| NONE(*)(XLXI_42/XLXI_7)   | 1     |
XLXI_42/XLXI_2/TC(XLXI_42/XLXI_2/Mmux_TC11:O)| NONE(*)(XLXI_42/XLXI_3/Q0)| 4     |
XLXI_42/XLXI_1/TC(XLXI_42/XLXI_1/Mmux_TC11:O)| NONE(*)(XLXI_42/XLXI_2/Q0)| 4     |
Clock                                        | BUFGP                     | 4     |
---------------------------------------------+---------------------------+-------+
(*) These 3 clock signal(s) are generated by combinatorial logic,
and XST is not able to identify which are the primary clock signals.
Please use the CLOCK_SIGNAL constraint to specify the clock signal(s) generated by combinatorial logic.
INFO:Xst:2169 - HDL ADVISOR - Some clock signals were not automatically buffered by XST with BUFG/BUFR resources. Please use the buffer_type constraint in order to insert these buffers to the clock signals to help prevent skew problems.

Asynchronous Control Signals Information:
----------------------------------------
No asynchronous control signals found in this design

Timing Summary:
---------------
Speed Grade: -3

   Minimum period: 2.469ns (Maximum Frequency: 405.104MHz)
   Minimum input arrival time before clock: No path found
   Maximum output required time after clock: 11.008ns
   Maximum combinational path delay: 12.610ns

Timing Details:
---------------
All values displayed in nanoseconds (ns)

=========================================================================
Timing constraint: Default period analysis for Clock 'XLXI_42/XLXI_3/TC'
  Clock period: 2.469ns (frequency: 405.104MHz)
  Total number of paths / destination ports: 1 / 1
-------------------------------------------------------------------------
Delay:               2.469ns (Levels of Logic = 1)
  Source:            XLXI_42/XLXI_7 (FF)
  Destination:       XLXI_42/XLXI_7 (FF)
  Source Clock:      XLXI_42/XLXI_3/TC falling
  Destination Clock: XLXI_42/XLXI_3/TC falling

  Data Path: XLXI_42/XLXI_7 to XLXI_42/XLXI_7
                                Gate     Net
    Cell:in->out      fanout   Delay   Delay  Logical Name (Net Name)
    ----------------------------------------  ------------
     FDR:C->Q              7   0.447   0.773  XLXI_42/XLXI_7 (XLXN_104)
     INV:I->O              1   0.568   0.579  XLXI_42/XLXI_8 (XLXI_42/XLXN_8)
     FDR:D                     0.102          XLXI_42/XLXI_7
    ----------------------------------------
    Total                      2.469ns (1.117ns logic, 1.352ns route)
                                       (45.3% logic, 54.7% route)

=========================================================================
Timing constraint: Default period analysis for Clock 'XLXI_42/XLXI_2/TC'
  Clock period: 2.048ns (frequency: 488.317MHz)
  Total number of paths / destination ports: 11 / 4
-------------------------------------------------------------------------
Delay:               2.048ns (Levels of Logic = 1)
  Source:            XLXI_42/XLXI_3/Q0 (FF)
  Destination:       XLXI_42/XLXI_3/Q0 (FF)
  Source Clock:      XLXI_42/XLXI_2/TC falling
  Destination Clock: XLXI_42/XLXI_2/TC falling

  Data Path: XLXI_42/XLXI_3/Q0 to XLXI_42/XLXI_3/Q0
                                Gate     Net
    Cell:in->out      fanout   Delay   Delay  Logical Name (Net Name)
    ----------------------------------------  ------------
     FDRE:C->Q             5   0.447   0.714  Q0 (Q0)
     INV:I->O              1   0.206   0.579  Mmux_Q3_GND_3_o_MUX_13_o11_INV_0 (Q3_GND_3_o_MUX_13_o)
     FDRE:D                    0.102          Q0
    ----------------------------------------
    Total                      2.048ns (0.755ns logic, 1.293ns route)
                                       (36.9% logic, 63.1% route)

=========================================================================
Timing constraint: Default period analysis for Clock 'XLXI_42/XLXI_1/TC'
  Clock period: 2.048ns (frequency: 488.317MHz)
  Total number of paths / destination ports: 11 / 4
-------------------------------------------------------------------------
Delay:               2.048ns (Levels of Logic = 1)
  Source:            XLXI_42/XLXI_2/Q0 (FF)
  Destination:       XLXI_42/XLXI_2/Q0 (FF)
  Source Clock:      XLXI_42/XLXI_1/TC falling
  Destination Clock: XLXI_42/XLXI_1/TC falling

  Data Path: XLXI_42/XLXI_2/Q0 to XLXI_42/XLXI_2/Q0
                                Gate     Net
    Cell:in->out      fanout   Delay   Delay  Logical Name (Net Name)
    ----------------------------------------  ------------
     FDRE:C->Q             5   0.447   0.714  Q0 (Q0)
     INV:I->O              1   0.206   0.579  Mmux_Q3_GND_3_o_MUX_13_o11_INV_0 (Q3_GND_3_o_MUX_13_o)
     FDRE:D                    0.102          Q0
    ----------------------------------------
    Total                      2.048ns (0.755ns logic, 1.293ns route)
                                       (36.9% logic, 63.1% route)

=========================================================================
Timing constraint: Default period analysis for Clock 'Clock'
  Clock period: 2.048ns (frequency: 488.317MHz)
  Total number of paths / destination ports: 11 / 4
-------------------------------------------------------------------------
Delay:               2.048ns (Levels of Logic = 1)
  Source:            XLXI_42/XLXI_1/Q0 (FF)
  Destination:       XLXI_42/XLXI_1/Q0 (FF)
  Source Clock:      Clock rising
  Destination Clock: Clock rising

  Data Path: XLXI_42/XLXI_1/Q0 to XLXI_42/XLXI_1/Q0
                                Gate     Net
    Cell:in->out      fanout   Delay   Delay  Logical Name (Net Name)
    ----------------------------------------  ------------
     FDRE:C->Q             5   0.447   0.714  Q0 (Q0)
     INV:I->O              1   0.206   0.579  Mmux_Q3_GND_3_o_MUX_13_o11_INV_0 (Q3_GND_3_o_MUX_13_o)
     FDRE:D                    0.102          Q0
    ----------------------------------------
    Total                      2.048ns (0.755ns logic, 1.293ns route)
                                       (36.9% logic, 63.1% route)

=========================================================================
Timing constraint: Default OFFSET OUT AFTER for Clock 'XLXI_42/XLXI_3/TC'
  Total number of paths / destination ports: 67 / 9
-------------------------------------------------------------------------
Offset:              11.008ns (Levels of Logic = 8)
  Source:            XLXI_42/XLXI_7 (FF)
  Destination:       SegD (PAD)
  Source Clock:      XLXI_42/XLXI_3/TC falling

  Data Path: XLXI_42/XLXI_7 to SegD
                                Gate     Net
    Cell:in->out      fanout   Delay   Delay  Logical Name (Net Name)
    ----------------------------------------  ------------
     FDR:C->Q              7   0.447   1.002  XLXI_42/XLXI_7 (XLXN_104)
     begin scope: 'XLXI_52/XLXI_2:S0'
     LUT3:I0->O           18   0.205   1.414  Mmux_O11 (O)
     end scope: 'XLXI_52/XLXI_2:O'
     XOR2:I0->O            1   0.203   0.944  XLXI_47/XLXI_9 (XLXI_47/XLXN_41)
     OR2:I0->O             1   0.203   0.924  XLXI_47/XLXI_8 (XLXI_47/XLXN_39)
     AND2:I1->O            1   0.223   0.924  XLXI_47/XLXI_10 (XLXI_47/XLXN_79)
     OR2:I1->O             1   0.223   0.924  XLXI_47/XLXI_14 (XLXI_47/XLXN_91)
     AND2B1:I1->O          1   0.223   0.579  XLXI_47/XLXI_120 (SegD_OBUF)
     OBUF:I->O                 2.571          SegD_OBUF (SegD)
    ----------------------------------------
    Total                     11.008ns (4.298ns logic, 6.710ns route)
                                       (39.0% logic, 61.0% route)

=========================================================================
Timing constraint: Default path analysis
  Total number of paths / destination ports: 260 / 7
-------------------------------------------------------------------------
Delay:               12.610ns (Levels of Logic = 10)
  Source:            in2<1> (PAD)
  Destination:       SegD (PAD)

  Data Path: in2<1> to SegD
                                Gate     Net
    Cell:in->out      fanout   Delay   Delay  Logical Name (Net Name)
    ----------------------------------------  ------------
     IBUF:I->O             1   1.222   0.944  in2_1_IBUF (in2_1_IBUF)
     XOR2:I0->O            1   0.203   0.684  XLXI_62_1 (Data<1>)
     begin scope: 'XLXI_52/XLXI_2:D0'
     LUT3:I1->O           18   0.203   1.414  Mmux_O11 (O)
     end scope: 'XLXI_52/XLXI_2:O'
     XOR2:I0->O            1   0.203   0.944  XLXI_47/XLXI_9 (XLXI_47/XLXN_41)
     OR2:I0->O             1   0.203   0.924  XLXI_47/XLXI_8 (XLXI_47/XLXN_39)
     AND2:I1->O            1   0.223   0.924  XLXI_47/XLXI_10 (XLXI_47/XLXN_79)
     OR2:I1->O             1   0.223   0.924  XLXI_47/XLXI_14 (XLXI_47/XLXN_91)
     AND2B1:I1->O          1   0.223   0.579  XLXI_47/XLXI_120 (SegD_OBUF)
     OBUF:I->O                 2.571          SegD_OBUF (SegD)
    ----------------------------------------
    Total                     12.610ns (5.274ns logic, 7.336ns route)
                                       (41.8% logic, 58.2% route)

=========================================================================

Cross Clock Domains Report:
--------------------------

Clock to Setup on destination clock Clock
---------------+---------+---------+---------+---------+
               | Src:Rise| Src:Fall| Src:Rise| Src:Fall|
Source Clock   |Dest:Rise|Dest:Rise|Dest:Fall|Dest:Fall|
---------------+---------+---------+---------+---------+
Clock          |    2.048|         |         |         |
---------------+---------+---------+---------+---------+

Clock to Setup on destination clock XLXI_42/XLXI_1/TC
-----------------+---------+---------+---------+---------+
                 | Src:Rise| Src:Fall| Src:Rise| Src:Fall|
Source Clock     |Dest:Rise|Dest:Rise|Dest:Fall|Dest:Fall|
-----------------+---------+---------+---------+---------+
XLXI_42/XLXI_1/TC|         |         |    2.048|         |
-----------------+---------+---------+---------+---------+

Clock to Setup on destination clock XLXI_42/XLXI_2/TC
-----------------+---------+---------+---------+---------+
                 | Src:Rise| Src:Fall| Src:Rise| Src:Fall|
Source Clock     |Dest:Rise|Dest:Rise|Dest:Fall|Dest:Fall|
-----------------+---------+---------+---------+---------+
XLXI_42/XLXI_2/TC|         |         |    2.048|         |
-----------------+---------+---------+---------+---------+

Clock to Setup on destination clock XLXI_42/XLXI_3/TC
-----------------+---------+---------+---------+---------+
                 | Src:Rise| Src:Fall| Src:Rise| Src:Fall|
Source Clock     |Dest:Rise|Dest:Rise|Dest:Fall|Dest:Fall|
-----------------+---------+---------+---------+---------+
XLXI_42/XLXI_3/TC|         |         |    2.469|         |
-----------------+---------+---------+---------+---------+

=========================================================================


Total REAL time to Xst completion: 5.00 secs
Total CPU time to Xst completion: 4.30 secs
 
--> 

Total memory usage is 4509436 kilobytes

Number of errors   :    0 (   0 filtered)
Number of warnings :    8 (   0 filtered)
Number of infos    :   17 (   0 filtered)

