#-----------------------------------------------------------
# PlanAhead v14.7 (64-bit)
# Build 321239 by xbuild on Fri Sep 27 19:29:51 MDT 2013
# Start of session at: Mon Sep 30 16:18:51 2019
# Process ID: 14664
# Log file: C:/Users/Puwadol Limwanichsin/Downloads/NewCOUNTER/planAhead_run_4/planAhead.log
# Journal file: C:/Users/Puwadol Limwanichsin/Downloads/NewCOUNTER/planAhead_run_4/planAhead.jou
#-----------------------------------------------------------
INFO: [Common 17-78] Attempting to get a license: PlanAhead
INFO: [Common 17-290] Got license for PlanAhead
INFO: [Device 21-36] Loading parts and site information from C:/Xilinx/14.7/ISE_DS/PlanAhead/data/parts/arch.xml
Parsing RTL primitives file [C:/Xilinx/14.7/ISE_DS/PlanAhead/data/parts/xilinx/rtl/prims/rtl_prims.xml]
Finished parsing RTL primitives file [C:/Xilinx/14.7/ISE_DS/PlanAhead/data/parts/xilinx/rtl/prims/rtl_prims.xml]
start_gui
source {C:/Users/Puwadol Limwanichsin/Downloads/NewCOUNTER/pa.fromHdl.tcl}
# create_project -name NewCOUNTER -dir "C:/Users/Puwadol Limwanichsin/Downloads/NewCOUNTER/planAhead_run_4" -part xc6slx9tqg144-3
# set_param project.pinAheadLayout yes
# set srcset [get_property srcset [current_run -impl]]
# set_property target_constrs_file "C:/Users/Puwadol Limwanichsin/Downloads/NewCOUNTER/Counter.ucf" [current_fileset -constrset]
Adding file 'C:/Users/Puwadol Limwanichsin/Downloads/NewCOUNTER/Counter.ucf' to fileset 'constrs_1'
# set hdlfile [add_files [list {Segment.vf}]]
# set_property file_type Verilog $hdlfile
# set_property library work $hdlfile
# set hdlfile [add_files [list {Counter.vf}]]
# set_property file_type Verilog $hdlfile
# set_property library work $hdlfile
# set_property top Counter $srcset
# add_files [list {Counter.ucf}] -fileset [get_property constrset [current_run]]
# add_files [list {CounterPin.ucf}] -fileset [get_property constrset [current_run]]
# open_rtl_design -part xc6slx9tqg144-3
Using Verific elaboration
Parsing VHDL file "C:/Xilinx/14.7/ISE_DS/PlanAhead/data/parts/xilinx/rtl/lib/synplify/synattr.vhd" into library synplify
Analyzing Verilog file "C:/Users/Puwadol Limwanichsin/Downloads/NewCOUNTER/Counter.vf" into library work
Loading clock regions from C:/Xilinx/14.7/ISE_DS/PlanAhead/data\parts/xilinx/spartan6/spartan6lx/xc6slx9/ClockRegion.xml
Loading clock buffers from C:/Xilinx/14.7/ISE_DS/PlanAhead/data\parts/xilinx/spartan6/spartan6lx/xc6slx9/ClockBuffers.xml
Loading package pin functions from C:/Xilinx/14.7/ISE_DS/PlanAhead/data\parts/xilinx/spartan6/PinFunctions.xml...
Loading package from C:/Xilinx/14.7/ISE_DS/PlanAhead/data\parts/xilinx/spartan6/spartan6lx/xc6slx9/tqg144/Package.xml
Loading io standards from C:/Xilinx/14.7/ISE_DS/PlanAhead/data\./parts/xilinx/spartan6/IOStandards.xml
Loading device configuration modes from C:/Xilinx/14.7/ISE_DS/PlanAhead/data\parts/xilinx/spartan6/ConfigModes.xml
Loading list of drcs for the architecture : C:/Xilinx/14.7/ISE_DS/PlanAhead/data\./parts/xilinx/spartan6/drc.xml
Parsing UCF File [C:/Users/Puwadol Limwanichsin/Downloads/NewCOUNTER/Counter.ucf]
Finished Parsing UCF File [C:/Users/Puwadol Limwanichsin/Downloads/NewCOUNTER/Counter.ucf]
Parsing UCF File [C:/Users/Puwadol Limwanichsin/Downloads/NewCOUNTER/CounterPin.ucf]
Finished Parsing UCF File [C:/Users/Puwadol Limwanichsin/Downloads/NewCOUNTER/CounterPin.ucf]
INFO: [Project 1-111] Unisim Transformation Summary:
No Unisim elements were transformed.

Phase 0 | Netlist Checksum: c953df0d
open_rtl_design: Time (s): elapsed = 00:00:07 . Memory (MB): peak = 643.980 ; gain = 186.699
update_compile_order -fileset sim_1
startgroup
set_property package_pin P44 [get_ports C0_44]
endgroup
startgroup
set_property package_pin P43 [get_ports C1_P43]
endgroup
startgroup
set_property package_pin P33 [get_ports C2_P33]
endgroup
startgroup
set_property package_pin P30 [get_ports C3_P30]
endgroup
save_constraints
exit
ERROR: [PlanAhead 12-106] *** Exception: ui.h.b: Found deleted key in HTclEventBroker. Verify if the classes listed here call cleanup()
HTclEvent: DEBUG_CORE_CONFIG_CHANGE   Classes: ui.views.aR 
HTclEvent: DEBUG_PORT_CONFIG_CHANGE   Classes: ui.views.aR 
HTclEvent: SIGNAL_BUS_MODIFY   Classes: ui.views.aR 
HTclEvent: SIGNAL_MODIFY   Classes: ui.views.aR 
 (See C:/Users/Puwadol Limwanichsin/Downloads/NewCOUNTER\planAhead_pid14664.debug)
ERROR: [Common 17-39] 'stop_gui' failed due to earlier errors.
INFO: [Common 17-206] Exiting PlanAhead at Mon Sep 30 16:21:01 2019...
INFO: [Common 17-83] Releasing license: PlanAhead
