
****** PlanAhead v14.7 (64-bit)
  **** Build 321239 by xbuild on Fri Sep 27 19:29:51 MDT 2013
    ** Copyright 1986-1999, 2001-2013 Xilinx, Inc. All Rights Reserved.

INFO: [Common 17-78] Attempting to get a license: PlanAhead
INFO: [Common 17-290] Got license for PlanAhead
INFO: [Device 21-36] Loading parts and site information from C:/Xilinx/14.7/ISE_DS/PlanAhead/data/parts/arch.xml
Parsing RTL primitives file [C:/Xilinx/14.7/ISE_DS/PlanAhead/data/parts/xilinx/rtl/prims/rtl_prims.xml]
Finished parsing RTL primitives file [C:/Xilinx/14.7/ISE_DS/PlanAhead/data/parts/xilinx/rtl/prims/rtl_prims.xml]
start_gui
source C:/Users/ZeroOFBright/Desktop/Work/Digital/lab8/pa.fromHdl.tcl
# create_project -name lab8 -dir "C:/Users/ZeroOFBright/Desktop/Work/Digital/lab8/planAhead_run_3" -part xc6slx9tqg144-3
# set_param project.pinAheadLayout yes
# set srcset [get_property srcset [current_run -impl]]
# set_property target_constrs_file "main.ucf" [current_fileset -constrset]
Adding file 'C:/Users/ZeroOFBright/Desktop/Work/Digital/lab8/main.ucf' to fileset 'constrs_1'
# set hdlfile [add_files [list {sevensegment.vhd}]]
# set_property file_type VHDL $hdlfile
# set_property library work $hdlfile
# set hdlfile [add_files [list {mymux.vf}]]
# set_property file_type Verilog $hdlfile
# set_property library work $hdlfile
# set hdlfile [add_files [list {divideto1k.vf}]]
# set_property file_type Verilog $hdlfile
# set_property library work $hdlfile
# set hdlfile [add_files [list {display.vf}]]
# set_property file_type Verilog $hdlfile
# set_property library work $hdlfile
# set hdlfile [add_files [list {main.vf}]]
# set_property file_type Verilog $hdlfile
# set_property library work $hdlfile
# set_property top main $srcset
# add_files [list {main.ucf}] -fileset [get_property constrset [current_run]]
# open_rtl_design -part xc6slx9tqg144-3
Using Verific elaboration
Parsing VHDL file "C:/Xilinx/14.7/ISE_DS/PlanAhead/data/parts/xilinx/rtl/lib/synplify/synattr.vhd" into library synplify
Parsing VHDL file "C:/Xilinx/14.7/ISE_DS/PlanAhead/data/parts/xilinx/rtl/lib/synplify/synattr.vhd" into library synplify
Parsing VHDL file "C:/Users/ZeroOFBright/Desktop/Work/Digital/lab8/sevensegment.vhd" into library work
Loading clock regions from C:/Xilinx/14.7/ISE_DS/PlanAhead/data\parts/xilinx/spartan6/spartan6lx/xc6slx9/ClockRegion.xml
Loading clock buffers from C:/Xilinx/14.7/ISE_DS/PlanAhead/data\parts/xilinx/spartan6/spartan6lx/xc6slx9/ClockBuffers.xml
Loading package pin functions from C:/Xilinx/14.7/ISE_DS/PlanAhead/data\parts/xilinx/spartan6/PinFunctions.xml...
Loading package from C:/Xilinx/14.7/ISE_DS/PlanAhead/data\parts/xilinx/spartan6/spartan6lx/xc6slx9/tqg144/Package.xml
Loading io standards from C:/Xilinx/14.7/ISE_DS/PlanAhead/data\./parts/xilinx/spartan6/IOStandards.xml
Loading device configuration modes from C:/Xilinx/14.7/ISE_DS/PlanAhead/data\parts/xilinx/spartan6/ConfigModes.xml
Loading list of drcs for the architecture : C:/Xilinx/14.7/ISE_DS/PlanAhead/data\./parts/xilinx/spartan6/drc.xml
Parsing UCF File [C:/Users/ZeroOFBright/Desktop/Work/Digital/lab8/main.ucf]
Finished Parsing UCF File [C:/Users/ZeroOFBright/Desktop/Work/Digital/lab8/main.ucf]
INFO: [Project 1-111] Unisim Transformation Summary:
No Unisim elements were transformed.

Phase 0 | Netlist Checksum: b410ab82
open_rtl_design: Time (s): elapsed = 00:00:11 . Memory (MB): peak = 616.230 ; gain = 157.730
update_compile_order -fileset sim_1
set_property package_pin "" [get_ports [list  {DIP[7]}]]
startgroup
set_property package_pin P41 [get_ports {SEVEN[6]}]
endgroup
startgroup
set_property package_pin P40 [get_ports {SEVEN[5]}]
endgroup
startgroup
set_property package_pin P35 [get_ports {SEVEN[4]}]
endgroup
startgroup
set_property package_pin P34 [get_ports {SEVEN[3]}]
endgroup
startgroup
set_property package_pin P32 [get_ports {SEVEN[2]}]
endgroup
startgroup
set_property package_pin P29 [get_ports {SEVEN[1]}]
endgroup
startgroup
set_property package_pin P27 [get_ports {SEVEN[0]}]
endgroup
startgroup
set_property package_pin P123 [get_ports clk]
endgroup
startgroup
set_property package_pin P30 [get_ports screen0]
endgroup
startgroup
set_property package_pin P33 [get_ports screen1]
endgroup
set_property package_pin "" [get_ports [list  screen2]]
startgroup
set_property package_pin P44 [get_ports screen0]
endgroup
set_property package_pin "" [get_ports [list  screen2]]
startgroup
set_property package_pin P43 [get_ports screen1]
endgroup
startgroup
set_property package_pin P33 [get_ports screen2]
endgroup
startgroup
set_property package_pin P30 [get_ports screen3]
endgroup
startgroup
set_property package_pin P55 [get_ports {slide[7]}]
endgroup
startgroup
set_property package_pin P56 [get_ports {slide[6]}]
endgroup
startgroup
set_property package_pin P57 [get_ports {slide[5]}]
endgroup
startgroup
set_property package_pin P58 [get_ports {slide[4]}]
endgroup
startgroup
set_property package_pin P59 [get_ports {slide[3]}]
endgroup
startgroup
set_property package_pin P61 [get_ports {slide[2]}]
endgroup
startgroup
set_property package_pin P62 [get_ports {slide[1]}]
endgroup
startgroup
set_property package_pin P66 [get_ports {slide[0]}]
endgroup
startgroup
set_property package_pin P112 [get_ports {DIP[7]}]
endgroup
startgroup
set_property package_pin P111 [get_ports {DIP[6]}]
endgroup
startgroup
set_property package_pin P105 [get_ports {DIP[5]}]
endgroup
startgroup
set_property package_pin P104 [get_ports {DIP[4]}]
endgroup
startgroup
set_property package_pin P102 [get_ports {DIP[3]}]
endgroup
startgroup
set_property package_pin P101 [get_ports {DIP[2]}]
endgroup
startgroup
set_property package_pin P100 [get_ports {DIP[1]}]
endgroup
startgroup
set_property package_pin P99 [get_ports {DIP[0]}]
endgroup
save_constraints
exit
ERROR: [Common 17-39] 'stop_gui' failed due to earlier errors.
INFO: [Common 17-206] Exiting PlanAhead at Sun Oct 27 23:44:16 2019...
INFO: [Common 17-83] Releasing license: PlanAhead
