--------------------------------------------------------------------------------
Release 14.7 Trace  (nt64)
Copyright (c) 1995-2013 Xilinx, Inc.  All rights reserved.

C:\Xilinx\14.7\ISE_DS\ISE\bin\nt64\unwrapped\trce.exe -intstyle ise -v 3 -s 3
-n 3 -fastpaths -xml Counter.twx Counter.ncd -o Counter.twr Counter.pcf -ucf
Counter.ucf -ucf CounterPin.ucf

Design file:              Counter.ncd
Physical constraint file: Counter.pcf
Device,package,speed:     xc6slx9,tqg144,C,-3 (PRODUCTION 1.23 2013-10-13)
Report level:             verbose report

Environment Variable      Effect 
--------------------      ------ 
NONE                      No environment variables were set
--------------------------------------------------------------------------------

INFO:Timing:2698 - No timing constraints found, doing default enumeration.
INFO:Timing:3412 - To improve timing, see the Timing Closure User Guide (UG612).
INFO:Timing:2752 - To get complete path coverage, use the unconstrained paths 
   option. All paths that are not constrained will be reported in the 
   unconstrained paths section(s) of the report.
INFO:Timing:3339 - The clock-to-out numbers in this timing report are based on 
   a 50 Ohm transmission line loading model.  For the details of this model, 
   and for more information on accounting for different loading conditions, 
   please see the device datasheet.



Data Sheet report:
-----------------
All values displayed in nanoseconds (ns)

Setup/Hold to clock CLK_P45
------------+------------+------------+------------+------------+------------------+--------+
            |Max Setup to|  Process   |Max Hold to |  Process   |                  | Clock  |
Source      | clk (edge) |   Corner   | clk (edge) |   Corner   |Internal Clock(s) | Phase  |
------------+------------+------------+------------+------------+------------------+--------+
RESET_P46   |   -0.972(R)|      FAST  |    2.670(R)|      SLOW  |CLK_P45_BUFGP     |   0.000|
------------+------------+------------+------------+------------+------------------+--------+

Clock CLK_P45 to Pad
------------+-----------------+------------+-----------------+------------+------------------+--------+
            |Max (slowest) clk|  Process   |Min (fastest) clk|  Process   |                  | Clock  |
Destination |  (edge) to PAD  |   Corner   |  (edge) to PAD  |   Corner   |Internal Clock(s) | Phase  |
------------+-----------------+------------+-----------------+------------+------------------+--------+
A_P41       |        11.009(R)|      SLOW  |         5.779(R)|      FAST  |CLK_P45_BUFGP     |   0.000|
B_P40       |        10.760(R)|      SLOW  |         5.900(R)|      FAST  |CLK_P45_BUFGP     |   0.000|
C_P35       |        10.703(R)|      SLOW  |         5.827(R)|      FAST  |CLK_P45_BUFGP     |   0.000|
D_P34       |        11.072(R)|      SLOW  |         5.860(R)|      FAST  |CLK_P45_BUFGP     |   0.000|
E_P32       |        10.569(R)|      SLOW  |         5.704(R)|      FAST  |CLK_P45_BUFGP     |   0.000|
F_P29       |        10.257(R)|      SLOW  |         5.692(R)|      FAST  |CLK_P45_BUFGP     |   0.000|
G_P27       |        11.416(R)|      SLOW  |         6.193(R)|      FAST  |CLK_P45_BUFGP     |   0.000|
L_P80       |        12.003(R)|      SLOW  |         6.885(R)|      FAST  |CLK_P45_BUFGP     |   0.000|
L_P81       |        11.693(R)|      SLOW  |         6.665(R)|      FAST  |CLK_P45_BUFGP     |   0.000|
L_P82       |        11.467(R)|      SLOW  |         6.469(R)|      FAST  |CLK_P45_BUFGP     |   0.000|
------------+-----------------+------------+-----------------+------------+------------------+--------+

Clock to Setup on destination clock CLK_P45
---------------+---------+---------+---------+---------+
               | Src:Rise| Src:Fall| Src:Rise| Src:Fall|
Source Clock   |Dest:Rise|Dest:Rise|Dest:Fall|Dest:Fall|
---------------+---------+---------+---------+---------+
CLK_P45        |    1.311|         |         |         |
---------------+---------+---------+---------+---------+


Analysis completed Mon Sep 30 16:21:34 2019 
--------------------------------------------------------------------------------

Trace Settings:
-------------------------
Trace Settings 

Peak Memory Usage: 4572 MB



