#-----------------------------------------------------------
# PlanAhead v14.7 (64-bit)
# Build 321239 by xbuild on Fri Sep 27 19:29:51 MDT 2013
# Start of session at: Mon Oct 07 23:50:02 2019
# Process ID: 7032
# Log file: D:/Digital/lab/Lab6Tst/planAhead_run_1/planAhead.log
# Journal file: D:/Digital/lab/Lab6Tst/planAhead_run_1/planAhead.jou
#-----------------------------------------------------------
INFO: [Common 17-78] Attempting to get a license: PlanAhead
INFO: [Common 17-290] Got license for PlanAhead
INFO: [Device 21-36] Loading parts and site information from C:/Xilinx/14.7/ISE_DS/PlanAhead/data/parts/arch.xml
Parsing RTL primitives file [C:/Xilinx/14.7/ISE_DS/PlanAhead/data/parts/xilinx/rtl/prims/rtl_prims.xml]
Finished parsing RTL primitives file [C:/Xilinx/14.7/ISE_DS/PlanAhead/data/parts/xilinx/rtl/prims/rtl_prims.xml]
start_gui
source D:/Digital/lab/Lab6Tst/pa.fromHdl.tcl
# create_project -name Lab6Tst -dir "D:/Digital/lab/Lab6Tst/planAhead_run_1" -part xc6slx9tqg144-3
# set_param project.pinAheadLayout yes
# set srcset [get_property srcset [current_run -impl]]
# set_property target_constrs_file "result.ucf" [current_fileset -constrset]
Adding file 'D:/Digital/lab/Lab6Tst/result.ucf' to fileset 'constrs_1'
# set hdlfile [add_files [list {div2.vf}]]
# set_property file_type Verilog $hdlfile
# set_property library work $hdlfile
# set hdlfile [add_files [list {div10.vf}]]
# set_property file_type Verilog $hdlfile
# set_property library work $hdlfile
# set hdlfile [add_files [list {sevensegment.vf}]]
# set_property file_type Verilog $hdlfile
# set_property library work $hdlfile
# set hdlfile [add_files [list {Counter.vf}]]
# set_property file_type Verilog $hdlfile
# set_property library work $hdlfile
# set hdlfile [add_files [list {Clock.vf}]]
# set_property file_type Verilog $hdlfile
# set_property library work $hdlfile
# set hdlfile [add_files [list {result.vf}]]
# set_property file_type Verilog $hdlfile
# set_property library work $hdlfile
# set_property top result $srcset
# add_files [list {result.ucf}] -fileset [get_property constrset [current_run]]
# open_rtl_design -part xc6slx9tqg144-3
Using Verific elaboration
Parsing VHDL file "C:/Xilinx/14.7/ISE_DS/PlanAhead/data/parts/xilinx/rtl/lib/synplify/synattr.vhd" into library synplify
Analyzing Verilog file "D:/Digital/lab/Lab6Tst/result.vf" into library work
Loading clock regions from C:/Xilinx/14.7/ISE_DS/PlanAhead/data\parts/xilinx/spartan6/spartan6lx/xc6slx9/ClockRegion.xml
Loading clock buffers from C:/Xilinx/14.7/ISE_DS/PlanAhead/data\parts/xilinx/spartan6/spartan6lx/xc6slx9/ClockBuffers.xml
Loading package pin functions from C:/Xilinx/14.7/ISE_DS/PlanAhead/data\parts/xilinx/spartan6/PinFunctions.xml...
Loading package from C:/Xilinx/14.7/ISE_DS/PlanAhead/data\parts/xilinx/spartan6/spartan6lx/xc6slx9/tqg144/Package.xml
Loading io standards from C:/Xilinx/14.7/ISE_DS/PlanAhead/data\./parts/xilinx/spartan6/IOStandards.xml
Loading device configuration modes from C:/Xilinx/14.7/ISE_DS/PlanAhead/data\parts/xilinx/spartan6/ConfigModes.xml
Loading list of drcs for the architecture : C:/Xilinx/14.7/ISE_DS/PlanAhead/data\./parts/xilinx/spartan6/drc.xml
Parsing UCF File [D:/Digital/lab/Lab6Tst/result.ucf]
Finished Parsing UCF File [D:/Digital/lab/Lab6Tst/result.ucf]
INFO: [Project 1-111] Unisim Transformation Summary:
No Unisim elements were transformed.

Phase 0 | Netlist Checksum: 18c7fba5
open_rtl_design: Time (s): elapsed = 00:00:08 . Memory (MB): peak = 652.836 ; gain = 143.570
update_compile_order -fileset sim_1
startgroup
set_property package_pin P55 [get_ports Button_P55]
endgroup
startgroup
set_property package_pin P123 [get_ports CLOCK_P123]
endgroup
startgroup
set_property package_pin P44 [get_ports COM0_P44]
endgroup
startgroup
set_property package_pin P43 [get_ports COM1_P43]
endgroup
startgroup
set_property package_pin P33 [get_ports COM2_P33]
endgroup
startgroup
set_property package_pin P30 [get_ports COM3_P30]
endgroup
startgroup
set_property package_pin P41 [get_ports SegA_P41]
endgroup
startgroup
set_property package_pin P40 [get_ports SegB_P40]
endgroup
startgroup
set_property package_pin P35 [get_ports SegC_P35]
endgroup
startgroup
set_property package_pin P34 [get_ports SegD_P34]
endgroup
startgroup
set_property package_pin P32 [get_ports SegE_P32]
endgroup
set_property is_loc_fixed false [get_ports [list  SegE_P32]]
set_property is_loc_fixed true [get_ports [list  SegE_P32]]
startgroup
set_property package_pin P29 [get_ports SegF_P29]
endgroup
startgroup
set_property package_pin P27 [get_ports SegG_P27]
endgroup
set_property is_loc_fixed false [get_ports [list  SegG_P27]]
set_property is_loc_fixed true [get_ports [list  SegG_P27]]
save_constraints
exit
ERROR: [PlanAhead 12-106] *** Exception: ui.h.b: Found deleted key in HTclEventBroker. Verify if the classes listed here call cleanup()
HTclEvent: SIGNAL_BUS_MODIFY   Classes: ui.views.aR 
HTclEvent: DEBUG_PORT_CONFIG_CHANGE   Classes: ui.views.aR 
HTclEvent: DEBUG_CORE_CONFIG_CHANGE   Classes: ui.views.aR 
HTclEvent: SIGNAL_MODIFY   Classes: ui.views.aR 
 (See D:/Digital/lab/Lab6Tst\planAhead_pid7032.debug)
ERROR: [Common 17-39] 'stop_gui' failed due to earlier errors.
INFO: [Common 17-206] Exiting PlanAhead at Tue Oct 08 00:02:02 2019...
INFO: [Common 17-83] Releasing license: PlanAhead
