#-----------------------------------------------------------
# PlanAhead v14.7 (64-bit)
# Build 321239 by xbuild on Fri Sep 27 19:29:51 MDT 2013
# Start of session at: Mon Oct 07 15:41:22 2019
# Process ID: 1096
# Log file: D:/Digital/lab/TstLab6/planAhead_run_4/planAhead.log
# Journal file: D:/Digital/lab/TstLab6/planAhead_run_4/planAhead.jou
#-----------------------------------------------------------
INFO: [Common 17-78] Attempting to get a license: PlanAhead
INFO: [Common 17-290] Got license for PlanAhead
INFO: [Device 21-36] Loading parts and site information from C:/Xilinx/14.7/ISE_DS/PlanAhead/data/parts/arch.xml
Parsing RTL primitives file [C:/Xilinx/14.7/ISE_DS/PlanAhead/data/parts/xilinx/rtl/prims/rtl_prims.xml]
Finished parsing RTL primitives file [C:/Xilinx/14.7/ISE_DS/PlanAhead/data/parts/xilinx/rtl/prims/rtl_prims.xml]
start_gui
source D:/Digital/lab/TstLab6/pa.fromHdl.tcl
# create_project -name TstLab6 -dir "D:/Digital/lab/TstLab6/planAhead_run_4" -part xc6slx9tqg144-3
# set_param project.pinAheadLayout yes
# set srcset [get_property srcset [current_run -impl]]
# set_property target_constrs_file "D:/Digital/lab/TstLab6/Pin.ucf" [current_fileset -constrset]
Adding file 'D:/Digital/lab/TstLab6/Pin.ucf' to fileset 'constrs_1'
# set hdlfile [add_files [list {Countertest.vf}]]
# set_property file_type Verilog $hdlfile
# set_property library work $hdlfile
# set_property top Countertest $srcset
# add_files [list {Pin.ucf}] -fileset [get_property constrset [current_run]]
# add_files [list {Countertest.ucf}] -fileset [get_property constrset [current_run]]
# open_rtl_design -part xc6slx9tqg144-3
Using Verific elaboration
Parsing VHDL file "C:/Xilinx/14.7/ISE_DS/PlanAhead/data/parts/xilinx/rtl/lib/synplify/synattr.vhd" into library synplify
Analyzing Verilog file "D:/Digital/lab/TstLab6/Countertest.vf" into library work
Loading clock regions from C:/Xilinx/14.7/ISE_DS/PlanAhead/data\parts/xilinx/spartan6/spartan6lx/xc6slx9/ClockRegion.xml
Loading clock buffers from C:/Xilinx/14.7/ISE_DS/PlanAhead/data\parts/xilinx/spartan6/spartan6lx/xc6slx9/ClockBuffers.xml
Loading package pin functions from C:/Xilinx/14.7/ISE_DS/PlanAhead/data\parts/xilinx/spartan6/PinFunctions.xml...
Loading package from C:/Xilinx/14.7/ISE_DS/PlanAhead/data\parts/xilinx/spartan6/spartan6lx/xc6slx9/tqg144/Package.xml
Loading io standards from C:/Xilinx/14.7/ISE_DS/PlanAhead/data\./parts/xilinx/spartan6/IOStandards.xml
Loading device configuration modes from C:/Xilinx/14.7/ISE_DS/PlanAhead/data\parts/xilinx/spartan6/ConfigModes.xml
Loading list of drcs for the architecture : C:/Xilinx/14.7/ISE_DS/PlanAhead/data\./parts/xilinx/spartan6/drc.xml
Parsing UCF File [D:/Digital/lab/TstLab6/Pin.ucf]
Finished Parsing UCF File [D:/Digital/lab/TstLab6/Pin.ucf]
Parsing UCF File [D:/Digital/lab/TstLab6/Countertest.ucf]
Finished Parsing UCF File [D:/Digital/lab/TstLab6/Countertest.ucf]
INFO: [Project 1-111] Unisim Transformation Summary:
No Unisim elements were transformed.

Phase 0 | Netlist Checksum: f2d24ab5
open_rtl_design: Time (s): elapsed = 00:00:07 . Memory (MB): peak = 653.625 ; gain = 172.434
update_compile_order -fileset sim_1
startgroup
set_property package_pin P67 [get_ports L7_P67]
endgroup
set_property is_loc_fixed false [get_ports [list  L7_P67]]
set_property is_loc_fixed true [get_ports [list  L7_P67]]
save_constraints
startgroup
set_property package_pin P47 [get_ports CLK_P45]
endgroup
save_constraints
refresh_design
Using Verific elaboration
Parsing VHDL file "C:/Xilinx/14.7/ISE_DS/PlanAhead/data/parts/xilinx/rtl/lib/synplify/synattr.vhd" into library synplify
Analyzing Verilog file "D:/Digital/lab/TstLab6/Countertest.vf" into library work
Parsing UCF File [D:/Digital/lab/TstLab6/Pin.ucf]
Finished Parsing UCF File [D:/Digital/lab/TstLab6/Pin.ucf]
Parsing UCF File [D:/Digital/lab/TstLab6/Countertest.ucf]
Finished Parsing UCF File [D:/Digital/lab/TstLab6/Countertest.ucf]
startgroup
set_property package_pin P82 [get_ports L0_P82]
endgroup
save_constraints
startgroup
set_property package_pin P45 [get_ports CLK_P45]
endgroup
save_constraints
exit
ERROR: [PlanAhead 12-106] *** Exception: ui.h.b: Found deleted key in HTclEventBroker. Verify if the classes listed here call cleanup()
HTclEvent: SIGNAL_BUS_MODIFY   Classes: ui.views.aR 
HTclEvent: DEBUG_CORE_CONFIG_CHANGE   Classes: ui.views.aR 
HTclEvent: DEBUG_PORT_CONFIG_CHANGE   Classes: ui.views.aR 
HTclEvent: SIGNAL_MODIFY   Classes: ui.views.aR 
 (See D:/Digital/lab/TstLab6\planAhead_pid1096.debug)
ERROR: [Common 17-39] 'stop_gui' failed due to earlier errors.
INFO: [Common 17-206] Exiting PlanAhead at Mon Oct 07 16:02:36 2019...
INFO: [Common 17-83] Releasing license: PlanAhead
