--------------------------------------------------------------------------------
Release 14.7 Trace  (nt64)
Copyright (c) 1995-2013 Xilinx, Inc.  All rights reserved.

C:\Xilinx\14.7\ISE_DS\ISE\bin\nt64\unwrapped\trce.exe -intstyle ise -v 3 -s 3
-n 3 -fastpaths -xml Alps.twx Alps.ncd -o Alps.twr Alps.pcf -ucf AlpsPin.ucf

Design file:              Alps.ncd
Physical constraint file: Alps.pcf
Device,package,speed:     xc6slx9,tqg144,C,-3 (PRODUCTION 1.23 2013-10-13)
Report level:             verbose report

Environment Variable      Effect 
--------------------      ------ 
NONE                      No environment variables were set
--------------------------------------------------------------------------------

INFO:Timing:2698 - No timing constraints found, doing default enumeration.
INFO:Timing:3412 - To improve timing, see the Timing Closure User Guide (UG612).
INFO:Timing:2752 - To get complete path coverage, use the unconstrained paths 
   option. All paths that are not constrained will be reported in the 
   unconstrained paths section(s) of the report.
INFO:Timing:3339 - The clock-to-out numbers in this timing report are based on 
   a 50 Ohm transmission line loading model.  For the details of this model, 
   and for more information on accounting for different loading conditions, 
   please see the device datasheet.



Data Sheet report:
-----------------
All values displayed in nanoseconds (ns)

Pad to Pad
---------------+---------------+---------+
Source Pad     |Destination Pad|  Delay  |
---------------+---------------+---------+
A_P59          |C1_P82         |    8.207|
A_P59          |S0_P80         |    7.594|
A_P59          |S1_P81         |    8.068|
B_P61          |C1_P82         |    8.522|
B_P61          |S0_P80         |    7.772|
B_P61          |S1_P81         |    8.383|
C_P62          |C1_P82         |    8.260|
C_P62          |S1_P81         |    8.090|
D_P66          |C1_P82         |    8.320|
D_P66          |S1_P81         |    8.150|
---------------+---------------+---------+


Analysis completed Mon Sep 09 15:15:44 2019 
--------------------------------------------------------------------------------

Trace Settings:
-------------------------
Trace Settings 

Peak Memory Usage: 4572 MB



