Release 14.7 - xst P.20131013 (nt64)
Copyright (c) 1995-2013 Xilinx, Inc.  All rights reserved.
--> Parameter TMPDIR set to xst/projnav.tmp


Total REAL time to Xst completion: 0.00 secs
Total CPU time to Xst completion: 0.10 secs
 
--> Parameter xsthdpdir set to xst


Total REAL time to Xst completion: 0.00 secs
Total CPU time to Xst completion: 0.10 secs
 
--> Reading design: res.prj

TABLE OF CONTENTS
  1) Synthesis Options Summary
  2) HDL Parsing
  3) HDL Elaboration
  4) HDL Synthesis
       4.1) HDL Synthesis Report
  5) Advanced HDL Synthesis
       5.1) Advanced HDL Synthesis Report
  6) Low Level Synthesis
  7) Partition Report
  8) Design Summary
       8.1) Primitive and Black Box Usage
       8.2) Device utilization summary
       8.3) Partition Resource Summary
       8.4) Timing Report
            8.4.1) Clock Information
            8.4.2) Asynchronous Control Signals Information
            8.4.3) Timing Summary
            8.4.4) Timing Details
            8.4.5) Cross Clock Domains Report


=========================================================================
*                      Synthesis Options Summary                        *
=========================================================================
---- Source Parameters
Input File Name                    : "res.prj"
Ignore Synthesis Constraint File   : NO

---- Target Parameters
Output File Name                   : "res"
Output Format                      : NGC
Target Device                      : xc6slx9-3-tqg144

---- Source Options
Top Module Name                    : res
Automatic FSM Extraction           : YES
FSM Encoding Algorithm             : Auto
Safe Implementation                : No
FSM Style                          : LUT
RAM Extraction                     : Yes
RAM Style                          : Auto
ROM Extraction                     : Yes
Shift Register Extraction          : YES
ROM Style                          : Auto
Resource Sharing                   : YES
Asynchronous To Synchronous        : NO
Shift Register Minimum Size        : 2
Use DSP Block                      : Auto
Automatic Register Balancing       : No

---- Target Options
LUT Combining                      : Auto
Reduce Control Sets                : Auto
Add IO Buffers                     : YES
Global Maximum Fanout              : 100000
Add Generic Clock Buffer(BUFG)     : 16
Register Duplication               : YES
Optimize Instantiated Primitives   : NO
Use Clock Enable                   : Auto
Use Synchronous Set                : Auto
Use Synchronous Reset              : Auto
Pack IO Registers into IOBs        : Auto
Equivalent register Removal        : YES

---- General Options
Optimization Goal                  : Speed
Optimization Effort                : 1
Power Reduction                    : NO
Keep Hierarchy                     : No
Netlist Hierarchy                  : As_Optimized
RTL Output                         : Yes
Global Optimization                : AllClockNets
Read Cores                         : YES
Write Timing Constraints           : NO
Cross Clock Analysis               : NO
Hierarchy Separator                : /
Bus Delimiter                      : <>
Case Specifier                     : Maintain
Slice Utilization Ratio            : 100
BRAM Utilization Ratio             : 100
DSP48 Utilization Ratio            : 100
Auto BRAM Packing                  : NO
Slice Utilization Ratio Delta      : 5

=========================================================================


=========================================================================
*                          HDL Parsing                                  *
=========================================================================
Analyzing Verilog file "D:\Digital\lab\Lab8Adder\Svn2.vf" into library work
Parsing module <Svn2>.
Analyzing Verilog file "D:\Digital\lab\Lab8Adder\res.vf" into library work
Parsing module <CB4CE_HXILINX_res>.
Parsing module <Svn2_MUSER_res>.
Parsing module <res>.

=========================================================================
*                            HDL Elaboration                            *
=========================================================================

Elaborating module <res>.

Elaborating module <CB4CE_HXILINX_res>.
WARNING:HDLCompiler:413 - "D:\Digital\lab\Lab8Adder\res.vf" Line 48: Result of 5-bit expression is truncated to fit in 4-bit target.

Elaborating module <VCC>.

Elaborating module <GND>.

Elaborating module <Svn2_MUSER_res>.

Elaborating module <OR3>.

Elaborating module <XNOR2>.

Elaborating module <INV>.

Elaborating module <OR4>.

Elaborating module <OR2>.

Elaborating module <XOR2>.

Elaborating module <AND2>.

Elaborating module <AND3>.

Elaborating module <OR2B1>.

Elaborating module <AND4B1>.

Elaborating module <AND4B2>.

Elaborating module <AND2B1>.
WARNING:HDLCompiler:552 - "D:\Digital\lab\Lab8Adder\res.vf" Line 352: Input port CLR is not connected on this instance
WARNING:HDLCompiler:552 - "D:\Digital\lab\Lab8Adder\res.vf" Line 366: Input port P is not connected on this instance

=========================================================================
*                           HDL Synthesis                               *
=========================================================================

Synthesizing Unit <res>.
    Related source file is "D:\Digital\lab\Lab8Adder\res.vf".
    Set property "HU_SET = XLXI_4_0" for instance <XLXI_4>.
    Set property "CLOCK_DEDICATED_ROUTE = FALSE" for signal <XLXN_11>.
    Set property "LOC = P45" for signal <XLXN_11>.
    Set property "LOC = P44" for signal <com0>.
    Set property "LOC = P43" for signal <com1>.
    Set property "LOC = P33" for signal <com2>.
    Set property "LOC = P30" for signal <com3>.
    Set property "LOC = P41" for signal <XLXN_12>.
    Set property "LOC = P40" for signal <XLXN_13>.
    Set property "LOC = P35" for signal <XLXN_14>.
    Set property "LOC = P34" for signal <XLXN_15>.
    Set property "LOC = P32" for signal <XLXN_16>.
    Set property "LOC = P29" for signal <XLXN_17>.
    Set property "LOC = P27" for signal <XLXN_18>.
    Set property "LOC = P26" for signal <XLXN_19>.
WARNING:Xst:2898 - Port 'CLR', unconnected in block instance 'XLXI_4', is tied to GND.
INFO:Xst:3210 - "D:\Digital\lab\Lab8Adder\res.vf" line 352: Output port <CEO> of the instance <XLXI_4> is unconnected or connected to loadless signal.
INFO:Xst:3210 - "D:\Digital\lab\Lab8Adder\res.vf" line 352: Output port <TC> of the instance <XLXI_4> is unconnected or connected to loadless signal.
    Summary:
	no macro.
Unit <res> synthesized.

Synthesizing Unit <CB4CE_HXILINX_res>.
    Related source file is "D:\Digital\lab\Lab8Adder\res.vf".
    Found 1-bit register for signal <Q1>.
    Found 1-bit register for signal <Q2>.
    Found 1-bit register for signal <Q3>.
    Found 1-bit register for signal <Q0>.
    Found 4-bit adder for signal <Q3_GND_2_o_add_0_OUT> created at line 48.
    Summary:
	inferred   1 Adder/Subtractor(s).
	inferred   4 D-type flip-flop(s).
Unit <CB4CE_HXILINX_res> synthesized.

Synthesizing Unit <Svn2_MUSER_res>.
    Related source file is "D:\Digital\lab\Lab8Adder\res.vf".
    Summary:
	no macro.
Unit <Svn2_MUSER_res> synthesized.

=========================================================================
HDL Synthesis Report

Macro Statistics
# Adders/Subtractors                                   : 1
 4-bit adder                                           : 1
# Registers                                            : 1
 4-bit register                                        : 1

=========================================================================

=========================================================================
*                       Advanced HDL Synthesis                          *
=========================================================================


Synthesizing (advanced) Unit <CB4CE_HXILINX_res>.
The following registers are absorbed into counter <Q0_Q1_Q2_Q3>: 1 register on signal <Q0_Q1_Q2_Q3>.
Unit <CB4CE_HXILINX_res> synthesized (advanced).

=========================================================================
Advanced HDL Synthesis Report

Macro Statistics
# Counters                                             : 1
 4-bit up counter                                      : 1

=========================================================================

=========================================================================
*                         Low Level Synthesis                           *
=========================================================================

Optimizing unit <res> ...

Optimizing unit <Svn2_MUSER_res> ...

Optimizing unit <CB4CE_HXILINX_res> ...

Mapping all equations...
Building and optimizing final netlist ...
Found area constraint ratio of 100 (+ 5) on block res, actual ratio is 0.
FlipFlop XLXI_4/Q0_Q1_Q2_Q3_3 has been replicated 1 time(s)

Final Macro Processing ...

=========================================================================
Final Register Report

Macro Statistics
# Registers                                            : 5
 Flip-Flops                                            : 5

=========================================================================

=========================================================================
*                           Partition Report                            *
=========================================================================

Partition Implementation Status
-------------------------------

  No Partitions were found in this design.

-------------------------------

=========================================================================
*                            Design Summary                             *
=========================================================================

Top Level Output File Name         : res.ngc

Primitive and Black Box Usage:
------------------------------
# BELS                             : 61
#      AND2                        : 8
#      AND2B1                      : 7
#      AND3                        : 4
#      AND4B1                      : 1
#      AND4B2                      : 1
#      GND                         : 1
#      INV                         : 13
#      LUT2                        : 1
#      LUT3                        : 1
#      LUT4                        : 1
#      OR2                         : 9
#      OR2B1                       : 1
#      OR3                         : 5
#      OR4                         : 1
#      VCC                         : 1
#      XNOR2                       : 4
#      XOR2                        : 2
# FlipFlops/Latches                : 5
#      FDE                         : 5
# Clock Buffers                    : 1
#      BUFGP                       : 1
# IO Buffers                       : 12
#      OBUF                        : 12

Device utilization summary:
---------------------------

Selected Device : 6slx9tqg144-3 


Slice Logic Utilization: 
 Number of Slice Registers:               5  out of  11440     0%  
 Number of Slice LUTs:                   16  out of   5720     0%  
    Number used as Logic:                16  out of   5720     0%  

Slice Logic Distribution: 
 Number of LUT Flip Flop pairs used:     21
   Number with an unused Flip Flop:      16  out of     21    76%  
   Number with an unused LUT:             5  out of     21    23%  
   Number of fully used LUT-FF pairs:     0  out of     21     0%  
   Number of unique control sets:         1

IO Utilization: 
 Number of IOs:                          13
 Number of bonded IOBs:                  13  out of    102    12%  

Specific Feature Utilization:
 Number of BUFG/BUFGCTRLs:                1  out of     16     6%  

---------------------------
Partition Resource Summary:
---------------------------

  No Partitions were found in this design.

---------------------------


=========================================================================
Timing Report

NOTE: THESE TIMING NUMBERS ARE ONLY A SYNTHESIS ESTIMATE.
      FOR ACCURATE TIMING INFORMATION PLEASE REFER TO THE TRACE REPORT
      GENERATED AFTER PLACE-and-ROUTE.

Clock Information:
------------------
-----------------------------------+------------------------+-------+
Clock Signal                       | Clock buffer(FF name)  | Load  |
-----------------------------------+------------------------+-------+
XLXN_11                            | BUFGP                  | 5     |
-----------------------------------+------------------------+-------+

Asynchronous Control Signals Information:
----------------------------------------
No asynchronous control signals found in this design

Timing Summary:
---------------
Speed Grade: -3

   Minimum period: 2.442ns (Maximum Frequency: 409.458MHz)
   Minimum input arrival time before clock: No path found
   Maximum output required time after clock: 9.865ns
   Maximum combinational path delay: No path found

Timing Details:
---------------
All values displayed in nanoseconds (ns)

=========================================================================
Timing constraint: Default period analysis for Clock 'XLXN_11'
  Clock period: 2.442ns (frequency: 409.458MHz)
  Total number of paths / destination ports: 11 / 5
-------------------------------------------------------------------------
Delay:               2.442ns (Levels of Logic = 1)
  Source:            XLXI_4/Q0_Q1_Q2_Q3_3 (FF)
  Destination:       XLXI_4/Q0_Q1_Q2_Q3_3 (FF)
  Source Clock:      XLXN_11 rising
  Destination Clock: XLXN_11 rising

  Data Path: XLXI_4/Q0_Q1_Q2_Q3_3 to XLXI_4/Q0_Q1_Q2_Q3_3
                                Gate     Net
    Cell:in->out      fanout   Delay   Delay  Logical Name (Net Name)
    ----------------------------------------  ------------
     FDE:C->Q             19   0.447   1.071  Q0_Q1_Q2_Q3_3 (Q0_Q1_Q2_Q3_3)
     INV:I->O              2   0.206   0.616  Mcount_Q0_Q1_Q2_Q3_xor<0>11_INV_0 (Result<0>)
     FDE:D                     0.102          Q0_Q1_Q2_Q3_3
    ----------------------------------------
    Total                      2.442ns (0.755ns logic, 1.687ns route)
                                       (30.9% logic, 69.1% route)

=========================================================================
Timing constraint: Default OFFSET OUT AFTER for Clock 'XLXN_11'
  Total number of paths / destination ports: 65 / 7
-------------------------------------------------------------------------
Offset:              9.865ns (Levels of Logic = 7)
  Source:            XLXI_4/Q0_Q1_Q2_Q3_2 (FF)
  Destination:       XLXN_15 (PAD)
  Source Clock:      XLXN_11 rising

  Data Path: XLXI_4/Q0_Q1_Q2_Q3_2 to XLXN_15
                                Gate     Net
    Cell:in->out      fanout   Delay   Delay  Logical Name (Net Name)
    ----------------------------------------  ------------
     FDE:C->Q             21   0.447   1.478  Q0_Q1_Q2_Q3_2 (Q0_Q1_Q2_Q3_2)
     end scope: 'XLXI_4:Q1'
     XOR2:I0->O            1   0.203   0.944  XLXI_17/XLXI_9 (XLXI_17/XLXN_41)
     OR2:I0->O             1   0.203   0.924  XLXI_17/XLXI_8 (XLXI_17/XLXN_39)
     AND2:I1->O            1   0.223   0.924  XLXI_17/XLXI_10 (XLXI_17/XLXN_79)
     OR2:I1->O             1   0.223   0.924  XLXI_17/XLXI_14 (XLXI_17/XLXN_91)
     AND2B1:I1->O          1   0.223   0.579  XLXI_17/XLXI_120 (XLXN_15_OBUF)
     OBUF:I->O                 2.571          XLXN_15_OBUF (XLXN_15)
    ----------------------------------------
    Total                      9.865ns (4.093ns logic, 5.772ns route)
                                       (41.5% logic, 58.5% route)

=========================================================================

Cross Clock Domains Report:
--------------------------

Clock to Setup on destination clock XLXN_11
---------------+---------+---------+---------+---------+
               | Src:Rise| Src:Fall| Src:Rise| Src:Fall|
Source Clock   |Dest:Rise|Dest:Rise|Dest:Fall|Dest:Fall|
---------------+---------+---------+---------+---------+
XLXN_11        |    2.442|         |         |         |
---------------+---------+---------+---------+---------+

=========================================================================


Total REAL time to Xst completion: 4.00 secs
Total CPU time to Xst completion: 4.20 secs
 
--> 

Total memory usage is 4509436 kilobytes

Number of errors   :    0 (   0 filtered)
Number of warnings :    4 (   0 filtered)
Number of infos    :    2 (   0 filtered)

